{"/home/runner/workspace/src/index.ts": {"path":"/home/runner/workspace/src/index.ts","statementMap":{"0":{"start":{"line":18,"column":4},"end":{"line":18,"column":null}},"1":{"start":{"line":15,"column":11},"end":{"line":15,"column":null}},"2":{"start":{"line":16,"column":11},"end":{"line":16,"column":null}},"3":{"start":{"line":19,"column":4},"end":{"line":19,"column":null}},"4":{"start":{"line":25,"column":4},"end":{"line":25,"column":null}},"5":{"start":{"line":26,"column":4},"end":{"line":26,"column":null}},"6":{"start":{"line":32,"column":4},"end":{"line":32,"column":null}},"7":{"start":{"line":33,"column":4},"end":{"line":33,"column":null}},"8":{"start":{"line":39,"column":4},"end":{"line":39,"column":null}},"9":{"start":{"line":40,"column":4},"end":{"line":40,"column":null}},"10":{"start":{"line":44,"column":20},"end":{"line":44,"column":null}},"11":{"start":{"line":45,"column":21},"end":{"line":45,"column":null}},"12":{"start":{"line":46,"column":19},"end":{"line":46,"column":null}},"13":{"start":{"line":47,"column":18},"end":{"line":47,"column":null}},"14":{"start":{"line":50,"column":28},"end":{"line":50,"column":30}},"15":{"start":{"line":51,"column":50},"end":{"line":51,"column":52}},"16":{"start":{"line":52,"column":29},"end":{"line":52,"column":null}},"17":{"start":{"line":53,"column":50},"end":{"line":53,"column":59}},"18":{"start":{"line":55,"column":51},"end":{"line":55,"column":53}},"19":{"start":{"line":56,"column":28},"end":{"line":56,"column":null}},"20":{"start":{"line":58,"column":26},"end":{"line":64,"column":null}},"21":{"start":{"line":67,"column":4},"end":{"line":73,"column":null}},"22":{"start":{"line":75,"column":4},"end":{"line":77,"column":null}},"23":{"start":{"line":76,"column":6},"end":{"line":77,"column":null}},"24":{"start":{"line":77,"column":8},"end":{"line":77,"column":null}},"25":{"start":{"line":83,"column":4},"end":{"line":84,"column":null}},"26":{"start":{"line":84,"column":6},"end":{"line":84,"column":null}},"27":{"start":{"line":87,"column":4},"end":{"line":87,"column":null}},"28":{"start":{"line":89,"column":4},"end":{"line":91,"column":null}},"29":{"start":{"line":90,"column":6},"end":{"line":91,"column":null}},"30":{"start":{"line":91,"column":8},"end":{"line":91,"column":null}},"31":{"start":{"line":95,"column":4},"end":{"line":95,"column":null}},"32":{"start":{"line":99,"column":4},"end":{"line":99,"column":null}},"33":{"start":{"line":103,"column":4},"end":{"line":103,"column":null}},"34":{"start":{"line":103,"column":36},"end":{"line":103,"column":52}},"35":{"start":{"line":107,"column":4},"end":{"line":107,"column":null}},"36":{"start":{"line":108,"column":4},"end":{"line":108,"column":null}},"37":{"start":{"line":109,"column":4},"end":{"line":109,"column":null}},"38":{"start":{"line":110,"column":4},"end":{"line":110,"column":null}},"39":{"start":{"line":114,"column":4},"end":{"line":127,"column":null}},"40":{"start":{"line":115,"column":39},"end":{"line":115,"column":null}},"41":{"start":{"line":117,"column":6},"end":{"line":117,"column":null}},"42":{"start":{"line":117,"column":29},"end":{"line":117,"column":null}},"43":{"start":{"line":119,"column":27},"end":{"line":125,"column":null}},"44":{"start":{"line":127,"column":6},"end":{"line":127,"column":null}},"45":{"start":{"line":130,"column":4},"end":{"line":130,"column":null}},"46":{"start":{"line":132,"column":4},"end":{"line":137,"column":null}},"47":{"start":{"line":133,"column":6},"end":{"line":137,"column":null}},"48":{"start":{"line":140,"column":4},"end":{"line":140,"column":null}},"49":{"start":{"line":142,"column":4},"end":{"line":142,"column":null}},"50":{"start":{"line":146,"column":35},"end":{"line":146,"column":37}},"51":{"start":{"line":149,"column":4},"end":{"line":152,"column":null}},"52":{"start":{"line":150,"column":18},"end":{"line":150,"column":null}},"53":{"start":{"line":151,"column":20},"end":{"line":151,"column":null}},"54":{"start":{"line":152,"column":6},"end":{"line":152,"column":null}},"55":{"start":{"line":152,"column":15},"end":{"line":152,"column":null}},"56":{"start":{"line":155,"column":4},"end":{"line":155,"column":null}},"57":{"start":{"line":157,"column":4},"end":{"line":157,"column":null}},"58":{"start":{"line":161,"column":4},"end":{"line":161,"column":null}},"59":{"start":{"line":163,"column":4},"end":{"line":176,"column":null}},"60":{"start":{"line":164,"column":19},"end":{"line":164,"column":36}},"61":{"start":{"line":167,"column":6},"end":{"line":168,"column":null}},"62":{"start":{"line":168,"column":8},"end":{"line":168,"column":null}},"63":{"start":{"line":170,"column":6},"end":{"line":170,"column":null}},"64":{"start":{"line":172,"column":6},"end":{"line":173,"column":null}},"65":{"start":{"line":173,"column":8},"end":{"line":173,"column":null}},"66":{"start":{"line":176,"column":6},"end":{"line":176,"column":null}},"67":{"start":{"line":181,"column":4},"end":{"line":181,"column":null}},"68":{"start":{"line":183,"column":4},"end":{"line":184,"column":null}},"69":{"start":{"line":184,"column":6},"end":{"line":184,"column":null}},"70":{"start":{"line":187,"column":4},"end":{"line":187,"column":null}},"71":{"start":{"line":191,"column":20},"end":{"line":191,"column":null}},"72":{"start":{"line":195,"column":4},"end":{"line":200,"column":null}},"73":{"start":{"line":196,"column":6},"end":{"line":196,"column":null}},"74":{"start":{"line":197,"column":6},"end":{"line":198,"column":null}},"75":{"start":{"line":198,"column":8},"end":{"line":198,"column":null}},"76":{"start":{"line":200,"column":6},"end":{"line":200,"column":null}},"77":{"start":{"line":203,"column":4},"end":{"line":217,"column":null}},"78":{"start":{"line":204,"column":24},"end":{"line":204,"column":null}},"79":{"start":{"line":205,"column":21},"end":{"line":210,"column":8}},"80":{"start":{"line":208,"column":10},"end":{"line":208,"column":98}},"81":{"start":{"line":208,"column":27},"end":{"line":208,"column":86}},"82":{"start":{"line":211,"column":6},"end":{"line":211,"column":null}},"83":{"start":{"line":212,"column":6},"end":{"line":212,"column":null}},"84":{"start":{"line":214,"column":6},"end":{"line":215,"column":null}},"85":{"start":{"line":216,"column":6},"end":{"line":217,"column":null}},"86":{"start":{"line":217,"column":8},"end":{"line":217,"column":null}},"87":{"start":{"line":223,"column":47},"end":{"line":566,"column":null}},"88":{"start":{"line":244,"column":32},"end":{"line":244,"column":null}},"89":{"start":{"line":246,"column":8},"end":{"line":246,"column":null}},"90":{"start":{"line":246,"column":18},"end":{"line":246,"column":null}},"91":{"start":{"line":247,"column":8},"end":{"line":252,"column":null}},"92":{"start":{"line":248,"column":10},"end":{"line":252,"column":null}},"93":{"start":{"line":250,"column":14},"end":{"line":250,"column":null}},"94":{"start":{"line":253,"column":8},"end":{"line":253,"column":null}},"95":{"start":{"line":253,"column":48},"end":{"line":253,"column":65}},"96":{"start":{"line":256,"column":22},"end":{"line":256,"column":44}},"97":{"start":{"line":257,"column":8},"end":{"line":257,"column":null}},"98":{"start":{"line":260,"column":8},"end":{"line":260,"column":null}},"99":{"start":{"line":260,"column":38},"end":{"line":260,"column":null}},"100":{"start":{"line":261,"column":8},"end":{"line":267,"column":null}},"101":{"start":{"line":262,"column":10},"end":{"line":267,"column":null}},"102":{"start":{"line":265,"column":16},"end":{"line":265,"column":null}},"103":{"start":{"line":268,"column":8},"end":{"line":268,"column":null}},"104":{"start":{"line":271,"column":8},"end":{"line":271,"column":null}},"105":{"start":{"line":271,"column":38},"end":{"line":271,"column":null}},"106":{"start":{"line":272,"column":8},"end":{"line":278,"column":null}},"107":{"start":{"line":273,"column":10},"end":{"line":278,"column":null}},"108":{"start":{"line":276,"column":16},"end":{"line":276,"column":null}},"109":{"start":{"line":279,"column":8},"end":{"line":279,"column":null}},"110":{"start":{"line":282,"column":8},"end":{"line":282,"column":33}},"111":{"start":{"line":284,"column":8},"end":{"line":284,"column":30}},"112":{"start":{"line":289,"column":8},"end":{"line":289,"column":null}},"113":{"start":{"line":289,"column":18},"end":{"line":289,"column":null}},"114":{"start":{"line":290,"column":8},"end":{"line":295,"column":null}},"115":{"start":{"line":291,"column":27},"end":{"line":291,"column":44}},"116":{"start":{"line":292,"column":10},"end":{"line":292,"column":null}},"117":{"start":{"line":292,"column":33},"end":{"line":292,"column":null}},"118":{"start":{"line":293,"column":10},"end":{"line":293,"column":null}},"119":{"start":{"line":294,"column":10},"end":{"line":294,"column":null}},"120":{"start":{"line":298,"column":8},"end":{"line":298,"column":null}},"121":{"start":{"line":298,"column":18},"end":{"line":298,"column":null}},"122":{"start":{"line":299,"column":23},"end":{"line":306,"column":null}},"123":{"start":{"line":300,"column":23},"end":{"line":300,"column":null}},"124":{"start":{"line":301,"column":23},"end":{"line":301,"column":null}},"125":{"start":{"line":302,"column":10},"end":{"line":303,"column":null}},"126":{"start":{"line":303,"column":12},"end":{"line":303,"column":null}},"127":{"start":{"line":305,"column":10},"end":{"line":305,"column":null}},"128":{"start":{"line":307,"column":8},"end":{"line":307,"column":null}},"129":{"start":{"line":310,"column":8},"end":{"line":310,"column":null}},"130":{"start":{"line":310,"column":18},"end":{"line":310,"column":null}},"131":{"start":{"line":311,"column":8},"end":{"line":311,"column":null}},"132":{"start":{"line":311,"column":18},"end":{"line":311,"column":null}},"133":{"start":{"line":312,"column":21},"end":{"line":312,"column":30}},"134":{"start":{"line":313,"column":8},"end":{"line":318,"column":null}},"135":{"start":{"line":314,"column":23},"end":{"line":314,"column":null}},"136":{"start":{"line":315,"column":10},"end":{"line":315,"column":null}},"137":{"start":{"line":315,"column":29},"end":{"line":315,"column":null}},"138":{"start":{"line":316,"column":10},"end":{"line":316,"column":null}},"139":{"start":{"line":317,"column":10},"end":{"line":317,"column":null}},"140":{"start":{"line":321,"column":8},"end":{"line":321,"column":null}},"141":{"start":{"line":321,"column":18},"end":{"line":321,"column":null}},"142":{"start":{"line":322,"column":8},"end":{"line":322,"column":null}},"143":{"start":{"line":328,"column":23},"end":{"line":328,"column":25}},"144":{"start":{"line":329,"column":8},"end":{"line":330,"column":null}},"145":{"start":{"line":330,"column":10},"end":{"line":330,"column":null}},"146":{"start":{"line":330,"column":26},"end":{"line":330,"column":null}},"147":{"start":{"line":332,"column":8},"end":{"line":332,"column":null}},"148":{"start":{"line":338,"column":23},"end":{"line":338,"column":33}},"149":{"start":{"line":339,"column":8},"end":{"line":340,"column":null}},"150":{"start":{"line":340,"column":10},"end":{"line":340,"column":null}},"151":{"start":{"line":342,"column":8},"end":{"line":342,"column":null}},"152":{"start":{"line":345,"column":8},"end":{"line":345,"column":null}},"153":{"start":{"line":351,"column":45},"end":{"line":351,"column":null}},"154":{"start":{"line":352,"column":8},"end":{"line":354,"column":null}},"155":{"start":{"line":353,"column":10},"end":{"line":353,"column":null}},"156":{"start":{"line":353,"column":23},"end":{"line":353,"column":null}},"157":{"start":{"line":354,"column":10},"end":{"line":354,"column":null}},"158":{"start":{"line":354,"column":37},"end":{"line":354,"column":48}},"159":{"start":{"line":361,"column":23},"end":{"line":361,"column":null}},"160":{"start":{"line":362,"column":8},"end":{"line":366,"column":null}},"161":{"start":{"line":363,"column":22},"end":{"line":363,"column":32}},"162":{"start":{"line":364,"column":10},"end":{"line":366,"column":null}},"163":{"start":{"line":365,"column":12},"end":{"line":365,"column":null}},"164":{"start":{"line":366,"column":12},"end":{"line":366,"column":null}},"165":{"start":{"line":371,"column":8},"end":{"line":371,"column":null}},"166":{"start":{"line":371,"column":40},"end":{"line":371,"column":63}},"167":{"start":{"line":373,"column":17},"end":{"line":373,"column":27}},"168":{"start":{"line":375,"column":18},"end":{"line":375,"column":null}},"169":{"start":{"line":376,"column":8},"end":{"line":377,"column":null}},"170":{"start":{"line":377,"column":10},"end":{"line":377,"column":null}},"171":{"start":{"line":379,"column":8},"end":{"line":385,"column":null}},"172":{"start":{"line":388,"column":8},"end":{"line":388,"column":null}},"173":{"start":{"line":391,"column":8},"end":{"line":391,"column":null}},"174":{"start":{"line":391,"column":18},"end":{"line":391,"column":null}},"175":{"start":{"line":392,"column":8},"end":{"line":392,"column":null}},"176":{"start":{"line":395,"column":8},"end":{"line":395,"column":null}},"177":{"start":{"line":395,"column":18},"end":{"line":395,"column":null}},"178":{"start":{"line":396,"column":8},"end":{"line":396,"column":null}},"179":{"start":{"line":399,"column":8},"end":{"line":399,"column":null}},"180":{"start":{"line":399,"column":18},"end":{"line":399,"column":null}},"181":{"start":{"line":400,"column":8},"end":{"line":400,"column":null}},"182":{"start":{"line":403,"column":8},"end":{"line":403,"column":null}},"183":{"start":{"line":403,"column":18},"end":{"line":403,"column":null}},"184":{"start":{"line":404,"column":8},"end":{"line":404,"column":null}},"185":{"start":{"line":407,"column":8},"end":{"line":407,"column":null}},"186":{"start":{"line":407,"column":18},"end":{"line":407,"column":null}},"187":{"start":{"line":408,"column":8},"end":{"line":408,"column":null}},"188":{"start":{"line":411,"column":8},"end":{"line":411,"column":null}},"189":{"start":{"line":411,"column":39},"end":{"line":411,"column":null}},"190":{"start":{"line":412,"column":8},"end":{"line":412,"column":null}},"191":{"start":{"line":415,"column":8},"end":{"line":415,"column":null}},"192":{"start":{"line":415,"column":18},"end":{"line":415,"column":null}},"193":{"start":{"line":416,"column":8},"end":{"line":416,"column":null}},"194":{"start":{"line":419,"column":8},"end":{"line":419,"column":null}},"195":{"start":{"line":419,"column":18},"end":{"line":419,"column":null}},"196":{"start":{"line":420,"column":8},"end":{"line":420,"column":null}},"197":{"start":{"line":420,"column":53},"end":{"line":420,"column":78}},"198":{"start":{"line":420,"column":104},"end":{"line":420,"column":119}},"199":{"start":{"line":423,"column":8},"end":{"line":423,"column":null}},"200":{"start":{"line":423,"column":18},"end":{"line":423,"column":null}},"201":{"start":{"line":424,"column":8},"end":{"line":424,"column":null}},"202":{"start":{"line":424,"column":44},"end":{"line":424,"column":65}},"203":{"start":{"line":424,"column":92},"end":{"line":424,"column":107}},"204":{"start":{"line":427,"column":8},"end":{"line":427,"column":null}},"205":{"start":{"line":427,"column":18},"end":{"line":427,"column":null}},"206":{"start":{"line":428,"column":8},"end":{"line":428,"column":null}},"207":{"start":{"line":428,"column":44},"end":{"line":428,"column":65}},"208":{"start":{"line":428,"column":92},"end":{"line":428,"column":107}},"209":{"start":{"line":431,"column":8},"end":{"line":435,"column":null}},"210":{"start":{"line":432,"column":21},"end":{"line":432,"column":null}},"211":{"start":{"line":433,"column":20},"end":{"line":433,"column":null}},"212":{"start":{"line":434,"column":10},"end":{"line":434,"column":null}},"213":{"start":{"line":438,"column":8},"end":{"line":438,"column":null}},"214":{"start":{"line":438,"column":31},"end":{"line":438,"column":null}},"215":{"start":{"line":439,"column":19},"end":{"line":439,"column":null}},"216":{"start":{"line":440,"column":19},"end":{"line":440,"column":null}},"217":{"start":{"line":441,"column":8},"end":{"line":441,"column":null}},"218":{"start":{"line":444,"column":8},"end":{"line":444,"column":null}},"219":{"start":{"line":447,"column":8},"end":{"line":447,"column":null}},"220":{"start":{"line":447,"column":38},"end":{"line":447,"column":null}},"221":{"start":{"line":448,"column":8},"end":{"line":448,"column":null}},"222":{"start":{"line":451,"column":8},"end":{"line":451,"column":null}},"223":{"start":{"line":451,"column":18},"end":{"line":451,"column":null}},"224":{"start":{"line":452,"column":23},"end":{"line":452,"column":31}},"225":{"start":{"line":453,"column":8},"end":{"line":455,"column":null}},"226":{"start":{"line":453,"column":21},"end":{"line":453,"column":40}},"227":{"start":{"line":454,"column":20},"end":{"line":454,"column":55}},"228":{"start":{"line":455,"column":10},"end":{"line":455,"column":null}},"229":{"start":{"line":457,"column":8},"end":{"line":457,"column":null}},"230":{"start":{"line":460,"column":8},"end":{"line":460,"column":null}},"231":{"start":{"line":460,"column":18},"end":{"line":460,"column":null}},"232":{"start":{"line":461,"column":8},"end":{"line":465,"column":null}},"233":{"start":{"line":462,"column":24},"end":{"line":462,"column":81}},"234":{"start":{"line":463,"column":10},"end":{"line":463,"column":null}},"235":{"start":{"line":464,"column":10},"end":{"line":464,"column":null}},"236":{"start":{"line":468,"column":8},"end":{"line":468,"column":null}},"237":{"start":{"line":468,"column":18},"end":{"line":468,"column":null}},"238":{"start":{"line":469,"column":8},"end":{"line":469,"column":null}},"239":{"start":{"line":472,"column":8},"end":{"line":472,"column":null}},"240":{"start":{"line":472,"column":18},"end":{"line":472,"column":null}},"241":{"start":{"line":473,"column":21},"end":{"line":473,"column":30}},"242":{"start":{"line":474,"column":8},"end":{"line":479,"column":null}},"243":{"start":{"line":475,"column":22},"end":{"line":475,"column":30}},"244":{"start":{"line":476,"column":10},"end":{"line":476,"column":null}},"245":{"start":{"line":476,"column":29},"end":{"line":476,"column":null}},"246":{"start":{"line":477,"column":10},"end":{"line":477,"column":null}},"247":{"start":{"line":478,"column":10},"end":{"line":478,"column":null}},"248":{"start":{"line":482,"column":8},"end":{"line":482,"column":null}},"249":{"start":{"line":482,"column":31},"end":{"line":482,"column":null}},"250":{"start":{"line":483,"column":30},"end":{"line":483,"column":32}},"251":{"start":{"line":484,"column":8},"end":{"line":485,"column":null}},"252":{"start":{"line":484,"column":21},"end":{"line":484,"column":24}},"253":{"start":{"line":485,"column":10},"end":{"line":485,"column":null}},"254":{"start":{"line":487,"column":8},"end":{"line":487,"column":null}},"255":{"start":{"line":490,"column":8},"end":{"line":490,"column":null}},"256":{"start":{"line":490,"column":18},"end":{"line":490,"column":null}},"257":{"start":{"line":491,"column":8},"end":{"line":491,"column":null}},"258":{"start":{"line":491,"column":38},"end":{"line":491,"column":73}},"259":{"start":{"line":494,"column":21},"end":{"line":494,"column":36}},"260":{"start":{"line":495,"column":22},"end":{"line":495,"column":null}},"261":{"start":{"line":496,"column":8},"end":{"line":498,"column":null}},"262":{"start":{"line":497,"column":10},"end":{"line":497,"column":null}},"263":{"start":{"line":497,"column":57},"end":{"line":497,"column":null}},"264":{"start":{"line":498,"column":10},"end":{"line":498,"column":null}},"265":{"start":{"line":500,"column":8},"end":{"line":500,"column":null}},"266":{"start":{"line":503,"column":21},"end":{"line":503,"column":36}},"267":{"start":{"line":504,"column":24},"end":{"line":504,"column":34}},"268":{"start":{"line":505,"column":22},"end":{"line":505,"column":null}},"269":{"start":{"line":506,"column":8},"end":{"line":510,"column":null}},"270":{"start":{"line":507,"column":10},"end":{"line":508,"column":null}},"271":{"start":{"line":508,"column":12},"end":{"line":508,"column":null}},"272":{"start":{"line":510,"column":10},"end":{"line":510,"column":null}},"273":{"start":{"line":512,"column":8},"end":{"line":512,"column":null}},"274":{"start":{"line":515,"column":8},"end":{"line":515,"column":null}},"275":{"start":{"line":515,"column":18},"end":{"line":515,"column":null}},"276":{"start":{"line":516,"column":35},"end":{"line":516,"column":37}},"277":{"start":{"line":517,"column":8},"end":{"line":518,"column":null}},"278":{"start":{"line":518,"column":10},"end":{"line":518,"column":null}},"279":{"start":{"line":518,"column":26},"end":{"line":518,"column":null}},"280":{"start":{"line":520,"column":8},"end":{"line":520,"column":null}},"281":{"start":{"line":523,"column":8},"end":{"line":523,"column":null}},"282":{"start":{"line":523,"column":18},"end":{"line":523,"column":null}},"283":{"start":{"line":524,"column":23},"end":{"line":524,"column":33}},"284":{"start":{"line":525,"column":8},"end":{"line":525,"column":null}},"285":{"start":{"line":525,"column":32},"end":{"line":525,"column":null}},"286":{"start":{"line":526,"column":8},"end":{"line":526,"column":null}},"287":{"start":{"line":529,"column":8},"end":{"line":529,"column":null}},"288":{"start":{"line":536,"column":8},"end":{"line":538,"column":null}},"289":{"start":{"line":537,"column":10},"end":{"line":537,"column":null}},"290":{"start":{"line":538,"column":10},"end":{"line":538,"column":null}},"291":{"start":{"line":538,"column":39},"end":{"line":538,"column":50}},"292":{"start":{"line":545,"column":23},"end":{"line":545,"column":null}},"293":{"start":{"line":546,"column":8},"end":{"line":550,"column":null}},"294":{"start":{"line":547,"column":22},"end":{"line":547,"column":32}},"295":{"start":{"line":548,"column":10},"end":{"line":550,"column":null}},"296":{"start":{"line":549,"column":12},"end":{"line":549,"column":null}},"297":{"start":{"line":550,"column":12},"end":{"line":550,"column":null}},"298":{"start":{"line":557,"column":22},"end":{"line":557,"column":54}},"299":{"start":{"line":558,"column":8},"end":{"line":563,"column":null}},"300":{"start":{"line":559,"column":22},"end":{"line":559,"column":42}},"301":{"start":{"line":560,"column":10},"end":{"line":560,"column":null}},"302":{"start":{"line":560,"column":30},"end":{"line":560,"column":null}},"303":{"start":{"line":561,"column":25},"end":{"line":561,"column":36}},"304":{"start":{"line":562,"column":10},"end":{"line":562,"column":null}},"305":{"start":{"line":563,"column":10},"end":{"line":563,"column":null}},"306":{"start":{"line":568,"column":4},"end":{"line":568,"column":null}},"307":{"start":{"line":572,"column":17},"end":{"line":572,"column":null}},"308":{"start":{"line":573,"column":4},"end":{"line":574,"column":null}},"309":{"start":{"line":574,"column":6},"end":{"line":574,"column":null}},"310":{"start":{"line":577,"column":4},"end":{"line":586,"column":null}},"311":{"start":{"line":578,"column":19},"end":{"line":578,"column":44}},"312":{"start":{"line":579,"column":6},"end":{"line":579,"column":null}},"313":{"start":{"line":580,"column":6},"end":{"line":583,"column":null}},"314":{"start":{"line":585,"column":22},"end":{"line":585,"column":64}},"315":{"start":{"line":586,"column":6},"end":{"line":586,"column":null}},"316":{"start":{"line":591,"column":17},"end":{"line":591,"column":null}},"317":{"start":{"line":592,"column":20},"end":{"line":592,"column":49}},"318":{"start":{"line":594,"column":24},"end":{"line":594,"column":44}},"319":{"start":{"line":595,"column":26},"end":{"line":595,"column":48}},"320":{"start":{"line":597,"column":4},"end":{"line":608,"column":null}},"321":{"start":{"line":598,"column":17},"end":{"line":598,"column":60}},"322":{"start":{"line":599,"column":21},"end":{"line":599,"column":41}},"323":{"start":{"line":601,"column":6},"end":{"line":602,"column":null}},"324":{"start":{"line":602,"column":8},"end":{"line":602,"column":null}},"325":{"start":{"line":605,"column":6},"end":{"line":605,"column":null}},"326":{"start":{"line":607,"column":22},"end":{"line":607,"column":64}},"327":{"start":{"line":608,"column":6},"end":{"line":608,"column":null}},"328":{"start":{"line":613,"column":36},"end":{"line":617,"column":null}},"329":{"start":{"line":619,"column":4},"end":{"line":637,"column":null}},"330":{"start":{"line":621,"column":8},"end":{"line":622,"column":null}},"331":{"start":{"line":623,"column":6},"end":{"line":627,"column":null}},"332":{"start":{"line":624,"column":8},"end":{"line":627,"column":null}},"333":{"start":{"line":629,"column":6},"end":{"line":629,"column":null}},"334":{"start":{"line":631,"column":6},"end":{"line":637,"column":null}},"335":{"start":{"line":632,"column":8},"end":{"line":632,"column":null}},"336":{"start":{"line":634,"column":8},"end":{"line":637,"column":null}},"337":{"start":{"line":641,"column":4},"end":{"line":641,"column":null}},"338":{"start":{"line":642,"column":4},"end":{"line":642,"column":null}},"339":{"start":{"line":644,"column":20},"end":{"line":644,"column":null}},"340":{"start":{"line":645,"column":4},"end":{"line":645,"column":null}},"341":{"start":{"line":647,"column":4},"end":{"line":647,"column":null}},"342":{"start":{"line":651,"column":17},"end":{"line":651,"column":null}},"343":{"start":{"line":652,"column":4},"end":{"line":653,"column":null}},"344":{"start":{"line":653,"column":6},"end":{"line":653,"column":null}},"345":{"start":{"line":656,"column":4},"end":{"line":666,"column":null}},"346":{"start":{"line":657,"column":19},"end":{"line":657,"column":null}},"347":{"start":{"line":658,"column":19},"end":{"line":658,"column":43}},"348":{"start":{"line":659,"column":6},"end":{"line":659,"column":null}},"349":{"start":{"line":660,"column":6},"end":{"line":663,"column":null}},"350":{"start":{"line":665,"column":22},"end":{"line":665,"column":64}},"351":{"start":{"line":666,"column":6},"end":{"line":666,"column":null}},"352":{"start":{"line":671,"column":17},"end":{"line":671,"column":null}},"353":{"start":{"line":672,"column":4},"end":{"line":673,"column":null}},"354":{"start":{"line":673,"column":6},"end":{"line":673,"column":null}},"355":{"start":{"line":676,"column":4},"end":{"line":690,"column":null}},"356":{"start":{"line":677,"column":24},"end":{"line":677,"column":null}},"357":{"start":{"line":678,"column":22},"end":{"line":682,"column":8}},"358":{"start":{"line":683,"column":6},"end":{"line":683,"column":null}},"359":{"start":{"line":684,"column":6},"end":{"line":687,"column":null}},"360":{"start":{"line":689,"column":22},"end":{"line":689,"column":64}},"361":{"start":{"line":690,"column":6},"end":{"line":690,"column":null}},"362":{"start":{"line":695,"column":17},"end":{"line":695,"column":null}},"363":{"start":{"line":696,"column":19},"end":{"line":696,"column":null}},"364":{"start":{"line":698,"column":4},"end":{"line":702,"column":null}},"365":{"start":{"line":699,"column":6},"end":{"line":702,"column":null}},"366":{"start":{"line":705,"column":17},"end":{"line":705,"column":null}},"367":{"start":{"line":706,"column":4},"end":{"line":710,"column":null}},"368":{"start":{"line":707,"column":6},"end":{"line":710,"column":null}},"369":{"start":{"line":713,"column":18},"end":{"line":713,"column":null}},"370":{"start":{"line":714,"column":19},"end":{"line":714,"column":null}},"371":{"start":{"line":715,"column":20},"end":{"line":715,"column":null}},"372":{"start":{"line":716,"column":18},"end":{"line":716,"column":null}},"373":{"start":{"line":718,"column":20},"end":{"line":718,"column":49}},"374":{"start":{"line":719,"column":17},"end":{"line":719,"column":41}},"375":{"start":{"line":721,"column":4},"end":{"line":728,"column":null}},"376":{"start":{"line":722,"column":22},"end":{"line":724,"column":null}},"377":{"start":{"line":726,"column":6},"end":{"line":728,"column":null}},"378":{"start":{"line":727,"column":8},"end":{"line":727,"column":55}},"379":{"start":{"line":731,"column":4},"end":{"line":740,"column":null}},"380":{"start":{"line":732,"column":41},"end":{"line":732,"column":59}},"381":{"start":{"line":733,"column":6},"end":{"line":740,"column":null}},"382":{"start":{"line":734,"column":22},"end":{"line":734,"column":null}},"383":{"start":{"line":735,"column":22},"end":{"line":735,"column":null}},"384":{"start":{"line":736,"column":20},"end":{"line":738,"column":10}},"385":{"start":{"line":739,"column":8},"end":{"line":739,"column":null}},"386":{"start":{"line":743,"column":4},"end":{"line":744,"column":null}},"387":{"start":{"line":744,"column":6},"end":{"line":744,"column":null}},"388":{"start":{"line":747,"column":4},"end":{"line":756,"column":null}},"389":{"start":{"line":748,"column":21},"end":{"line":748,"column":59}},"390":{"start":{"line":748,"column":50},"end":{"line":748,"column":58}},"391":{"start":{"line":749,"column":6},"end":{"line":756,"column":null}},"392":{"start":{"line":750,"column":23},"end":{"line":750,"column":null}},"393":{"start":{"line":751,"column":50},"end":{"line":751,"column":52}},"394":{"start":{"line":752,"column":8},"end":{"line":753,"column":null}},"395":{"start":{"line":753,"column":10},"end":{"line":753,"column":null}},"396":{"start":{"line":755,"column":8},"end":{"line":755,"column":null}},"397":{"start":{"line":759,"column":4},"end":{"line":760,"column":null}},"398":{"start":{"line":760,"column":6},"end":{"line":760,"column":null}},"399":{"start":{"line":763,"column":4},"end":{"line":763,"column":null}},"400":{"start":{"line":767,"column":21},"end":{"line":767,"column":null}},"401":{"start":{"line":768,"column":4},"end":{"line":769,"column":null}},"402":{"start":{"line":769,"column":6},"end":{"line":769,"column":null}},"403":{"start":{"line":772,"column":6},"end":{"line":772,"column":null}},"404":{"start":{"line":774,"column":4},"end":{"line":778,"column":null}},"405":{"start":{"line":775,"column":6},"end":{"line":778,"column":null}},"406":{"start":{"line":781,"column":20},"end":{"line":781,"column":null}},"407":{"start":{"line":784,"column":4},"end":{"line":788,"column":null}},"408":{"start":{"line":785,"column":6},"end":{"line":785,"column":null}},"409":{"start":{"line":785,"column":46},"end":{"line":785,"column":54}},"410":{"start":{"line":787,"column":26},"end":{"line":787,"column":null}},"411":{"start":{"line":788,"column":6},"end":{"line":788,"column":null}},"412":{"start":{"line":791,"column":16},"end":{"line":791,"column":null}},"413":{"start":{"line":792,"column":4},"end":{"line":792,"column":null}},"414":{"start":{"line":793,"column":4},"end":{"line":794,"column":null}},"415":{"start":{"line":794,"column":6},"end":{"line":794,"column":null}},"416":{"start":{"line":796,"column":4},"end":{"line":796,"column":null}},"417":{"start":{"line":798,"column":4},"end":{"line":805,"column":null}},"418":{"start":{"line":799,"column":21},"end":{"line":799,"column":null}},"419":{"start":{"line":800,"column":6},"end":{"line":800,"column":null}},"420":{"start":{"line":801,"column":6},"end":{"line":803,"column":null}},"421":{"start":{"line":802,"column":22},"end":{"line":802,"column":null}},"422":{"start":{"line":803,"column":8},"end":{"line":803,"column":null}},"423":{"start":{"line":805,"column":6},"end":{"line":805,"column":null}},"424":{"start":{"line":808,"column":4},"end":{"line":808,"column":null}},"425":{"start":{"line":810,"column":4},"end":{"line":810,"column":null}},"426":{"start":{"line":814,"column":17},"end":{"line":814,"column":null}},"427":{"start":{"line":815,"column":16},"end":{"line":815,"column":null}},"428":{"start":{"line":817,"column":4},"end":{"line":818,"column":null}},"429":{"start":{"line":818,"column":6},"end":{"line":818,"column":null}},"430":{"start":{"line":821,"column":4},"end":{"line":822,"column":null}},"431":{"start":{"line":822,"column":6},"end":{"line":822,"column":null}},"432":{"start":{"line":825,"column":4},"end":{"line":839,"column":null}},"433":{"start":{"line":826,"column":20},"end":{"line":826,"column":null}},"434":{"start":{"line":827,"column":6},"end":{"line":832,"column":null}},"435":{"start":{"line":828,"column":23},"end":{"line":828,"column":35}},"436":{"start":{"line":829,"column":8},"end":{"line":830,"column":null}},"437":{"start":{"line":830,"column":10},"end":{"line":830,"column":null}},"438":{"start":{"line":835,"column":6},"end":{"line":839,"column":null}},"439":{"start":{"line":836,"column":8},"end":{"line":839,"column":null}},"440":{"start":{"line":843,"column":19},"end":{"line":843,"column":null}},"441":{"start":{"line":844,"column":20},"end":{"line":844,"column":null}},"442":{"start":{"line":846,"column":23},"end":{"line":846,"column":44}},"443":{"start":{"line":847,"column":22},"end":{"line":847,"column":67}},"444":{"start":{"line":847,"column":39},"end":{"line":847,"column":57}},"445":{"start":{"line":849,"column":4},"end":{"line":897,"column":null}},"446":{"start":{"line":850,"column":46},"end":{"line":850,"column":48}},"447":{"start":{"line":851,"column":6},"end":{"line":855,"column":null}},"448":{"start":{"line":852,"column":8},"end":{"line":855,"column":null}},"449":{"start":{"line":853,"column":10},"end":{"line":853,"column":null}},"450":{"start":{"line":855,"column":10},"end":{"line":855,"column":null}},"451":{"start":{"line":859,"column":23},"end":{"line":864,"column":8}},"452":{"start":{"line":866,"column":6},"end":{"line":866,"column":null}},"453":{"start":{"line":868,"column":6},"end":{"line":872,"column":null}},"454":{"start":{"line":869,"column":8},"end":{"line":872,"column":null}},"455":{"start":{"line":875,"column":26},"end":{"line":875,"column":null}},"456":{"start":{"line":878,"column":6},"end":{"line":883,"column":null}},"457":{"start":{"line":879,"column":8},"end":{"line":879,"column":null}},"458":{"start":{"line":880,"column":17},"end":{"line":883,"column":null}},"459":{"start":{"line":881,"column":8},"end":{"line":881,"column":null}},"460":{"start":{"line":883,"column":8},"end":{"line":883,"column":null}},"461":{"start":{"line":886,"column":6},"end":{"line":886,"column":null}},"462":{"start":{"line":887,"column":6},"end":{"line":890,"column":null}},"463":{"start":{"line":892,"column":6},"end":{"line":892,"column":null}},"464":{"start":{"line":893,"column":22},"end":{"line":893,"column":64}},"465":{"start":{"line":894,"column":6},"end":{"line":895,"column":null}},"466":{"start":{"line":895,"column":8},"end":{"line":895,"column":null}},"467":{"start":{"line":897,"column":6},"end":{"line":897,"column":null}},"468":{"start":{"line":902,"column":17},"end":{"line":902,"column":null}},"469":{"start":{"line":903,"column":16},"end":{"line":903,"column":null}},"470":{"start":{"line":905,"column":4},"end":{"line":906,"column":null}},"471":{"start":{"line":906,"column":6},"end":{"line":906,"column":null}},"472":{"start":{"line":909,"column":21},"end":{"line":909,"column":null}},"473":{"start":{"line":911,"column":4},"end":{"line":912,"column":null}},"474":{"start":{"line":912,"column":6},"end":{"line":912,"column":null}},"475":{"start":{"line":915,"column":4},"end":{"line":944,"column":null}},"476":{"start":{"line":916,"column":17},"end":{"line":916,"column":30}},"477":{"start":{"line":917,"column":19},"end":{"line":917,"column":34}},"478":{"start":{"line":918,"column":23},"end":{"line":918,"column":68}},"479":{"start":{"line":920,"column":6},"end":{"line":921,"column":null}},"480":{"start":{"line":921,"column":8},"end":{"line":921,"column":null}},"481":{"start":{"line":924,"column":6},"end":{"line":925,"column":null}},"482":{"start":{"line":925,"column":8},"end":{"line":925,"column":null}},"483":{"start":{"line":928,"column":22},"end":{"line":928,"column":56}},"484":{"start":{"line":930,"column":6},"end":{"line":934,"column":null}},"485":{"start":{"line":931,"column":8},"end":{"line":934,"column":null}},"486":{"start":{"line":932,"column":10},"end":{"line":932,"column":null}},"487":{"start":{"line":934,"column":10},"end":{"line":934,"column":null}},"488":{"start":{"line":938,"column":6},"end":{"line":941,"column":null}},"489":{"start":{"line":943,"column":22},"end":{"line":943,"column":64}},"490":{"start":{"line":944,"column":6},"end":{"line":944,"column":null}},"491":{"start":{"line":949,"column":17},"end":{"line":949,"column":null}},"492":{"start":{"line":950,"column":16},"end":{"line":950,"column":null}},"493":{"start":{"line":952,"column":4},"end":{"line":953,"column":null}},"494":{"start":{"line":953,"column":6},"end":{"line":953,"column":null}},"495":{"start":{"line":956,"column":10},"end":{"line":956,"column":62}},"496":{"start":{"line":957,"column":20},"end":{"line":957,"column":49}},"497":{"start":{"line":960,"column":4},"end":{"line":963,"column":null}},"498":{"start":{"line":961,"column":21},"end":{"line":961,"column":85}},"499":{"start":{"line":962,"column":25},"end":{"line":962,"column":58}},"500":{"start":{"line":963,"column":6},"end":{"line":963,"column":null}},"501":{"start":{"line":966,"column":0},"end":{"line":993,"column":null}},"502":{"start":{"line":975,"column":21},"end":{"line":975,"column":42}},"503":{"start":{"line":976,"column":21},"end":{"line":976,"column":null}},"504":{"start":{"line":977,"column":8},"end":{"line":979,"column":null}},"505":{"start":{"line":978,"column":10},"end":{"line":978,"column":null}},"506":{"start":{"line":981,"column":23},"end":{"line":986,"column":null}},"507":{"start":{"line":988,"column":8},"end":{"line":989,"column":null}},"508":{"start":{"line":989,"column":10},"end":{"line":989,"column":null}},"509":{"start":{"line":992,"column":8},"end":{"line":992,"column":null}},"510":{"start":{"line":997,"column":17},"end":{"line":997,"column":null}},"511":{"start":{"line":998,"column":18},"end":{"line":998,"column":39}},"512":{"start":{"line":1000,"column":4},"end":{"line":1001,"column":null}},"513":{"start":{"line":1001,"column":6},"end":{"line":1001,"column":null}},"514":{"start":{"line":1004,"column":26},"end":{"line":1004,"column":null}},"515":{"start":{"line":1005,"column":20},"end":{"line":1005,"column":53}},"516":{"start":{"line":1006,"column":4},"end":{"line":1007,"column":null}},"517":{"start":{"line":1007,"column":6},"end":{"line":1007,"column":null}},"518":{"start":{"line":1010,"column":50},"end":{"line":1024,"column":null}},"519":{"start":{"line":1026,"column":28},"end":{"line":1026,"column":30}},"520":{"start":{"line":1027,"column":28},"end":{"line":1027,"column":30}},"521":{"start":{"line":1029,"column":4},"end":{"line":1046,"column":null}},"522":{"start":{"line":1030,"column":25},"end":{"line":1030,"column":53}},"523":{"start":{"line":1031,"column":20},"end":{"line":1031,"column":null}},"524":{"start":{"line":1033,"column":6},"end":{"line":1046,"column":null}},"525":{"start":{"line":1034,"column":8},"end":{"line":1034,"column":null}},"526":{"start":{"line":1035,"column":8},"end":{"line":1037,"column":null}},"527":{"start":{"line":1038,"column":17},"end":{"line":1046,"column":null}},"528":{"start":{"line":1039,"column":8},"end":{"line":1039,"column":null}},"529":{"start":{"line":1040,"column":8},"end":{"line":1040,"column":null}},"530":{"start":{"line":1041,"column":17},"end":{"line":1046,"column":null}},"531":{"start":{"line":1042,"column":8},"end":{"line":1042,"column":null}},"532":{"start":{"line":1043,"column":8},"end":{"line":1043,"column":null}},"533":{"start":{"line":1045,"column":8},"end":{"line":1045,"column":null}},"534":{"start":{"line":1046,"column":8},"end":{"line":1046,"column":null}},"535":{"start":{"line":1050,"column":19},"end":{"line":1055,"column":null}},"536":{"start":{"line":1057,"column":4},"end":{"line":1058,"column":null}},"537":{"start":{"line":1058,"column":6},"end":{"line":1058,"column":null}},"538":{"start":{"line":1061,"column":4},"end":{"line":1061,"column":null}},"539":{"start":{"line":1065,"column":17},"end":{"line":1065,"column":null}},"540":{"start":{"line":1066,"column":16},"end":{"line":1066,"column":null}},"541":{"start":{"line":1067,"column":10},"end":{"line":1067,"column":78}},"542":{"start":{"line":1067,"column":69},"end":{"line":1067,"column":77}},"543":{"start":{"line":1068,"column":10},"end":{"line":1068,"column":63}},"544":{"start":{"line":1069,"column":19},"end":{"line":1069,"column":null}},"545":{"start":{"line":1071,"column":4},"end":{"line":1072,"column":null}},"546":{"start":{"line":1072,"column":6},"end":{"line":1072,"column":null}},"547":{"start":{"line":1075,"column":24},"end":{"line":1075,"column":null}},"548":{"start":{"line":1076,"column":4},"end":{"line":1078,"column":null}},"549":{"start":{"line":1077,"column":6},"end":{"line":1078,"column":null}},"550":{"start":{"line":1078,"column":8},"end":{"line":1078,"column":null}},"551":{"start":{"line":1082,"column":19},"end":{"line":1088,"column":null}},"552":{"start":{"line":1090,"column":4},"end":{"line":1091,"column":null}},"553":{"start":{"line":1091,"column":6},"end":{"line":1091,"column":null}},"554":{"start":{"line":1094,"column":4},"end":{"line":1094,"column":null}},"555":{"start":{"line":1098,"column":17},"end":{"line":1098,"column":null}},"556":{"start":{"line":1099,"column":17},"end":{"line":1099,"column":null}},"557":{"start":{"line":1100,"column":20},"end":{"line":1100,"column":41}},"558":{"start":{"line":1101,"column":20},"end":{"line":1101,"column":null}},"559":{"start":{"line":1103,"column":4},"end":{"line":1104,"column":null}},"560":{"start":{"line":1104,"column":6},"end":{"line":1104,"column":null}},"561":{"start":{"line":1107,"column":22},"end":{"line":1107,"column":37}},"562":{"start":{"line":1108,"column":4},"end":{"line":1109,"column":null}},"563":{"start":{"line":1109,"column":6},"end":{"line":1109,"column":null}},"564":{"start":{"line":1112,"column":25},"end":{"line":1112,"column":null}},"565":{"start":{"line":1113,"column":24},"end":{"line":1113,"column":null}},"566":{"start":{"line":1114,"column":22},"end":{"line":1114,"column":null}},"567":{"start":{"line":1115,"column":21},"end":{"line":1115,"column":null}},"568":{"start":{"line":1116,"column":23},"end":{"line":1116,"column":null}},"569":{"start":{"line":1117,"column":21},"end":{"line":1117,"column":null}},"570":{"start":{"line":1119,"column":18},"end":{"line":1119,"column":74}},"571":{"start":{"line":1120,"column":4},"end":{"line":1122,"column":null}},"572":{"start":{"line":1122,"column":6},"end":{"line":1122,"column":null}},"573":{"start":{"line":1125,"column":15},"end":{"line":1130,"column":null}},"574":{"start":{"line":1132,"column":4},"end":{"line":1133,"column":null}},"575":{"start":{"line":1133,"column":6},"end":{"line":1133,"column":null}},"576":{"start":{"line":1136,"column":5},"end":{"line":1136,"column":null}},"577":{"start":{"line":1138,"column":4},"end":{"line":1138,"column":null}},"578":{"start":{"line":1142,"column":17},"end":{"line":1142,"column":null}},"579":{"start":{"line":1143,"column":17},"end":{"line":1143,"column":null}},"580":{"start":{"line":1145,"column":4},"end":{"line":1146,"column":null}},"581":{"start":{"line":1146,"column":6},"end":{"line":1146,"column":null}},"582":{"start":{"line":1149,"column":20},"end":{"line":1149,"column":49}},"583":{"start":{"line":1150,"column":44},"end":{"line":1150,"column":65}},"584":{"start":{"line":1152,"column":50},"end":{"line":1191,"column":null}},"585":{"start":{"line":1153,"column":37},"end":{"line":1153,"column":51}},"586":{"start":{"line":1154,"column":32},"end":{"line":1154,"column":41}},"587":{"start":{"line":1156,"column":18},"end":{"line":1156,"column":27}},"588":{"start":{"line":1157,"column":8},"end":{"line":1157,"column":null}},"589":{"start":{"line":1159,"column":28},"end":{"line":1159,"column":null}},"590":{"start":{"line":1160,"column":47},"end":{"line":1160,"column":63}},"591":{"start":{"line":1161,"column":34},"end":{"line":1161,"column":42}},"592":{"start":{"line":1168,"column":22},"end":{"line":1168,"column":35}},"593":{"start":{"line":1174,"column":28},"end":{"line":1174,"column":null}},"594":{"start":{"line":1175,"column":51},"end":{"line":1175,"column":null}},"595":{"start":{"line":1177,"column":22},"end":{"line":1177,"column":null}},"596":{"start":{"line":1178,"column":10},"end":{"line":1178,"column":null}},"597":{"start":{"line":1180,"column":60},"end":{"line":1180,"column":null}},"598":{"start":{"line":1181,"column":30},"end":{"line":1181,"column":null}},"599":{"start":{"line":1182,"column":30},"end":{"line":1182,"column":null}},"600":{"start":{"line":1185,"column":48},"end":{"line":1185,"column":59}},"601":{"start":{"line":1187,"column":10},"end":{"line":1187,"column":63}},"602":{"start":{"line":1188,"column":49},"end":{"line":1188,"column":68}},"603":{"start":{"line":1189,"column":34},"end":{"line":1189,"column":null}},"604":{"start":{"line":1193,"column":4},"end":{"line":1202,"column":null}},"605":{"start":{"line":1194,"column":22},"end":{"line":1194,"column":null}},"606":{"start":{"line":1195,"column":19},"end":{"line":1195,"column":69}},"607":{"start":{"line":1196,"column":21},"end":{"line":1196,"column":75}},"608":{"start":{"line":1198,"column":17},"end":{"line":1198,"column":63}},"609":{"start":{"line":1199,"column":6},"end":{"line":1199,"column":null}},"610":{"start":{"line":1201,"column":18},"end":{"line":1201,"column":60}},"611":{"start":{"line":1202,"column":6},"end":{"line":1202,"column":null}},"612":{"start":{"line":1205,"column":4},"end":{"line":1206,"column":null}},"613":{"start":{"line":1206,"column":6},"end":{"line":1206,"column":null}},"614":{"start":{"line":1209,"column":4},"end":{"line":1209,"column":null}},"615":{"start":{"line":1213,"column":17},"end":{"line":1213,"column":null}},"616":{"start":{"line":1214,"column":16},"end":{"line":1214,"column":89}},"617":{"start":{"line":1216,"column":4},"end":{"line":1217,"column":null}},"618":{"start":{"line":1217,"column":6},"end":{"line":1217,"column":null}},"619":{"start":{"line":1220,"column":21},"end":{"line":1220,"column":53}},"620":{"start":{"line":1221,"column":4},"end":{"line":1222,"column":null}},"621":{"start":{"line":1222,"column":6},"end":{"line":1222,"column":null}},"622":{"start":{"line":1225,"column":4},"end":{"line":1226,"column":null}},"623":{"start":{"line":1226,"column":6},"end":{"line":1226,"column":null}},"624":{"start":{"line":1229,"column":23},"end":{"line":1229,"column":57}},"625":{"start":{"line":1230,"column":4},"end":{"line":1231,"column":null}},"626":{"start":{"line":1231,"column":6},"end":{"line":1231,"column":null}},"627":{"start":{"line":1234,"column":4},"end":{"line":1260,"column":null}},"628":{"start":{"line":1235,"column":20},"end":{"line":1236,"column":null}},"629":{"start":{"line":1236,"column":46},"end":{"line":1236,"column":61}},"630":{"start":{"line":1239,"column":22},"end":{"line":1239,"column":null}},"631":{"start":{"line":1240,"column":6},"end":{"line":1241,"column":null}},"632":{"start":{"line":1241,"column":8},"end":{"line":1241,"column":null}},"633":{"start":{"line":1244,"column":22},"end":{"line":1244,"column":null}},"634":{"start":{"line":1246,"column":110},"end":{"line":1251,"column":null}},"635":{"start":{"line":1253,"column":6},"end":{"line":1254,"column":null}},"636":{"start":{"line":1254,"column":8},"end":{"line":1254,"column":null}},"637":{"start":{"line":1257,"column":6},"end":{"line":1257,"column":null}},"638":{"start":{"line":1259,"column":6},"end":{"line":1259,"column":null}},"639":{"start":{"line":1259,"column":40},"end":{"line":1259,"column":null}},"640":{"start":{"line":1260,"column":6},"end":{"line":1260,"column":null}},"641":{"start":{"line":1265,"column":17},"end":{"line":1265,"column":null}},"642":{"start":{"line":1266,"column":20},"end":{"line":1266,"column":49}},"643":{"start":{"line":1268,"column":4},"end":{"line":1309,"column":null}},"644":{"start":{"line":1269,"column":26},"end":{"line":1269,"column":46}},"645":{"start":{"line":1270,"column":28},"end":{"line":1270,"column":50}},"646":{"start":{"line":1271,"column":19},"end":{"line":1271,"column":null}},"647":{"start":{"line":1273,"column":6},"end":{"line":1274,"column":null}},"648":{"start":{"line":1274,"column":8},"end":{"line":1274,"column":null}},"649":{"start":{"line":1277,"column":20},"end":{"line":1277,"column":65}},"650":{"start":{"line":1277,"column":56},"end":{"line":1277,"column":64}},"651":{"start":{"line":1278,"column":6},"end":{"line":1279,"column":null}},"652":{"start":{"line":1279,"column":8},"end":{"line":1279,"column":null}},"653":{"start":{"line":1282,"column":23},"end":{"line":1282,"column":53}},"654":{"start":{"line":1283,"column":24},"end":{"line":1283,"column":87}},"655":{"start":{"line":1284,"column":28},"end":{"line":1284,"column":54}},"656":{"start":{"line":1286,"column":6},"end":{"line":1290,"column":null}},"657":{"start":{"line":1287,"column":8},"end":{"line":1290,"column":null}},"658":{"start":{"line":1293,"column":17},"end":{"line":1293,"column":51}},"659":{"start":{"line":1294,"column":21},"end":{"line":1294,"column":41}},"660":{"start":{"line":1296,"column":6},"end":{"line":1297,"column":null}},"661":{"start":{"line":1297,"column":8},"end":{"line":1297,"column":null}},"662":{"start":{"line":1300,"column":6},"end":{"line":1300,"column":null}},"663":{"start":{"line":1302,"column":6},"end":{"line":1302,"column":null}},"664":{"start":{"line":1302,"column":40},"end":{"line":1302,"column":null}},"665":{"start":{"line":1303,"column":6},"end":{"line":1304,"column":null}},"666":{"start":{"line":1304,"column":8},"end":{"line":1304,"column":null}},"667":{"start":{"line":1306,"column":6},"end":{"line":1307,"column":null}},"668":{"start":{"line":1307,"column":8},"end":{"line":1307,"column":null}},"669":{"start":{"line":1309,"column":6},"end":{"line":1309,"column":null}},"670":{"start":{"line":1314,"column":17},"end":{"line":1314,"column":null}},"671":{"start":{"line":1315,"column":10},"end":{"line":1315,"column":63}},"672":{"start":{"line":1316,"column":17},"end":{"line":1316,"column":null}},"673":{"start":{"line":1318,"column":4},"end":{"line":1319,"column":null}},"674":{"start":{"line":1319,"column":6},"end":{"line":1319,"column":null}},"675":{"start":{"line":1322,"column":19},"end":{"line":1322,"column":null}},"676":{"start":{"line":1323,"column":4},"end":{"line":1324,"column":null}},"677":{"start":{"line":1324,"column":6},"end":{"line":1324,"column":null}},"678":{"start":{"line":1327,"column":4},"end":{"line":1327,"column":null}},"679":{"start":{"line":1331,"column":17},"end":{"line":1331,"column":null}},"680":{"start":{"line":1332,"column":10},"end":{"line":1332,"column":63}},"681":{"start":{"line":1333,"column":18},"end":{"line":1333,"column":null}},"682":{"start":{"line":1335,"column":23},"end":{"line":1335,"column":null}},"683":{"start":{"line":1336,"column":4},"end":{"line":1337,"column":null}},"684":{"start":{"line":1337,"column":6},"end":{"line":1337,"column":null}},"685":{"start":{"line":1340,"column":48},"end":{"line":1347,"column":null}},"686":{"start":{"line":1349,"column":31},"end":{"line":1349,"column":null}},"687":{"start":{"line":1351,"column":19},"end":{"line":1351,"column":null}},"688":{"start":{"line":1353,"column":4},"end":{"line":1354,"column":null}},"689":{"start":{"line":1354,"column":6},"end":{"line":1354,"column":null}},"690":{"start":{"line":1357,"column":5},"end":{"line":1357,"column":null}},"691":{"start":{"line":1359,"column":4},"end":{"line":1359,"column":null}},"692":{"start":{"line":1363,"column":17},"end":{"line":1363,"column":null}},"693":{"start":{"line":1364,"column":19},"end":{"line":1364,"column":78}},"694":{"start":{"line":1365,"column":10},"end":{"line":1365,"column":63}},"695":{"start":{"line":1366,"column":21},"end":{"line":1366,"column":null}},"696":{"start":{"line":1367,"column":17},"end":{"line":1367,"column":null}},"697":{"start":{"line":1368,"column":19},"end":{"line":1368,"column":58}},"698":{"start":{"line":1369,"column":20},"end":{"line":1369,"column":null}},"699":{"start":{"line":1371,"column":4},"end":{"line":1372,"column":null}},"700":{"start":{"line":1372,"column":6},"end":{"line":1372,"column":null}},"701":{"start":{"line":1375,"column":25},"end":{"line":1375,"column":null}},"702":{"start":{"line":1376,"column":4},"end":{"line":1377,"column":null}},"703":{"start":{"line":1377,"column":6},"end":{"line":1377,"column":null}},"704":{"start":{"line":1380,"column":19},"end":{"line":1388,"column":null}},"705":{"start":{"line":1390,"column":4},"end":{"line":1391,"column":null}},"706":{"start":{"line":1391,"column":6},"end":{"line":1391,"column":null}},"707":{"start":{"line":1394,"column":5},"end":{"line":1394,"column":null}},"708":{"start":{"line":1396,"column":4},"end":{"line":1396,"column":null}},"709":{"start":{"line":1400,"column":17},"end":{"line":1400,"column":null}},"710":{"start":{"line":1401,"column":19},"end":{"line":1401,"column":78}},"711":{"start":{"line":1402,"column":10},"end":{"line":1402,"column":63}},"712":{"start":{"line":1403,"column":21},"end":{"line":1403,"column":null}},"713":{"start":{"line":1404,"column":17},"end":{"line":1404,"column":null}},"714":{"start":{"line":1405,"column":18},"end":{"line":1405,"column":null}},"715":{"start":{"line":1406,"column":21},"end":{"line":1406,"column":null}},"716":{"start":{"line":1407,"column":19},"end":{"line":1407,"column":null}},"717":{"start":{"line":1408,"column":20},"end":{"line":1408,"column":null}},"718":{"start":{"line":1410,"column":4},"end":{"line":1411,"column":null}},"719":{"start":{"line":1411,"column":6},"end":{"line":1411,"column":null}},"720":{"start":{"line":1414,"column":25},"end":{"line":1414,"column":null}},"721":{"start":{"line":1415,"column":4},"end":{"line":1416,"column":null}},"722":{"start":{"line":1416,"column":6},"end":{"line":1416,"column":null}},"723":{"start":{"line":1419,"column":19},"end":{"line":1429,"column":null}},"724":{"start":{"line":1431,"column":4},"end":{"line":1432,"column":null}},"725":{"start":{"line":1432,"column":6},"end":{"line":1432,"column":null}},"726":{"start":{"line":1435,"column":5},"end":{"line":1435,"column":null}},"727":{"start":{"line":1437,"column":4},"end":{"line":1437,"column":null}},"728":{"start":{"line":1441,"column":17},"end":{"line":1441,"column":null}},"729":{"start":{"line":1442,"column":19},"end":{"line":1442,"column":78}},"730":{"start":{"line":1443,"column":10},"end":{"line":1443,"column":63}},"731":{"start":{"line":1444,"column":18},"end":{"line":1444,"column":null}},"732":{"start":{"line":1445,"column":19},"end":{"line":1445,"column":null}},"733":{"start":{"line":1446,"column":16},"end":{"line":1446,"column":null}},"734":{"start":{"line":1447,"column":17},"end":{"line":1447,"column":null}},"735":{"start":{"line":1449,"column":4},"end":{"line":1450,"column":null}},"736":{"start":{"line":1450,"column":6},"end":{"line":1450,"column":null}},"737":{"start":{"line":1453,"column":25},"end":{"line":1453,"column":null}},"738":{"start":{"line":1454,"column":4},"end":{"line":1455,"column":null}},"739":{"start":{"line":1455,"column":6},"end":{"line":1455,"column":null}},"740":{"start":{"line":1458,"column":19},"end":{"line":1466,"column":null}},"741":{"start":{"line":1468,"column":4},"end":{"line":1469,"column":null}},"742":{"start":{"line":1469,"column":6},"end":{"line":1469,"column":null}},"743":{"start":{"line":1472,"column":5},"end":{"line":1472,"column":null}},"744":{"start":{"line":1474,"column":4},"end":{"line":1474,"column":null}},"745":{"start":{"line":1478,"column":17},"end":{"line":1478,"column":null}},"746":{"start":{"line":1479,"column":21},"end":{"line":1479,"column":61}},"747":{"start":{"line":1480,"column":19},"end":{"line":1480,"column":null}},"748":{"start":{"line":1481,"column":18},"end":{"line":1481,"column":52}},"749":{"start":{"line":1482,"column":22},"end":{"line":1482,"column":null}},"750":{"start":{"line":1483,"column":22},"end":{"line":1483,"column":null}},"751":{"start":{"line":1484,"column":21},"end":{"line":1484,"column":null}},"752":{"start":{"line":1485,"column":22},"end":{"line":1485,"column":null}},"753":{"start":{"line":1487,"column":25},"end":{"line":1487,"column":null}},"754":{"start":{"line":1488,"column":4},"end":{"line":1489,"column":null}},"755":{"start":{"line":1489,"column":6},"end":{"line":1489,"column":null}},"756":{"start":{"line":1492,"column":19},"end":{"line":1502,"column":null}},"757":{"start":{"line":1504,"column":4},"end":{"line":1505,"column":null}},"758":{"start":{"line":1505,"column":6},"end":{"line":1505,"column":null}},"759":{"start":{"line":1508,"column":5},"end":{"line":1508,"column":null}},"760":{"start":{"line":1510,"column":4},"end":{"line":1510,"column":null}},"761":{"start":{"line":1515,"column":29},"end":{"line":1515,"column":31}},"762":{"start":{"line":1516,"column":17},"end":{"line":1522,"column":null}},"763":{"start":{"line":1524,"column":4},"end":{"line":1582,"column":null}},"764":{"start":{"line":1525,"column":20},"end":{"line":1525,"column":36}},"765":{"start":{"line":1527,"column":6},"end":{"line":1554,"column":null}},"766":{"start":{"line":1528,"column":24},"end":{"line":1528,"column":35}},"767":{"start":{"line":1529,"column":24},"end":{"line":1529,"column":null}},"768":{"start":{"line":1531,"column":8},"end":{"line":1532,"column":null}},"769":{"start":{"line":1532,"column":10},"end":{"line":1532,"column":null}},"770":{"start":{"line":1535,"column":29},"end":{"line":1535,"column":70}},"771":{"start":{"line":1536,"column":8},"end":{"line":1537,"column":null}},"772":{"start":{"line":1537,"column":10},"end":{"line":1537,"column":null}},"773":{"start":{"line":1540,"column":29},"end":{"line":1540,"column":70}},"774":{"start":{"line":1541,"column":8},"end":{"line":1542,"column":null}},"775":{"start":{"line":1542,"column":10},"end":{"line":1542,"column":null}},"776":{"start":{"line":1545,"column":31},"end":{"line":1545,"column":74}},"777":{"start":{"line":1546,"column":8},"end":{"line":1547,"column":null}},"778":{"start":{"line":1547,"column":10},"end":{"line":1547,"column":null}},"779":{"start":{"line":1550,"column":28},"end":{"line":1550,"column":90}},"780":{"start":{"line":1551,"column":8},"end":{"line":1552,"column":null}},"781":{"start":{"line":1552,"column":10},"end":{"line":1552,"column":null}},"782":{"start":{"line":1556,"column":27},"end":{"line":1556,"column":45}},"783":{"start":{"line":1557,"column":28},"end":{"line":1557,"column":46}},"784":{"start":{"line":1558,"column":6},"end":{"line":1559,"column":null}},"785":{"start":{"line":1559,"column":8},"end":{"line":1559,"column":null}},"786":{"start":{"line":1562,"column":6},"end":{"line":1567,"column":null}},"787":{"start":{"line":1563,"column":26},"end":{"line":1565,"column":39}},"788":{"start":{"line":1566,"column":8},"end":{"line":1567,"column":null}},"789":{"start":{"line":1567,"column":10},"end":{"line":1567,"column":null}},"790":{"start":{"line":1571,"column":6},"end":{"line":1574,"column":null}},"791":{"start":{"line":1572,"column":26},"end":{"line":1572,"column":83}},"792":{"start":{"line":1573,"column":8},"end":{"line":1574,"column":null}},"793":{"start":{"line":1574,"column":10},"end":{"line":1574,"column":null}},"794":{"start":{"line":1578,"column":6},"end":{"line":1579,"column":null}},"795":{"start":{"line":1579,"column":8},"end":{"line":1579,"column":null}},"796":{"start":{"line":1582,"column":6},"end":{"line":1582,"column":null}},"797":{"start":{"line":1585,"column":22},"end":{"line":1585,"column":null}},"798":{"start":{"line":1586,"column":19},"end":{"line":1586,"column":null}},"799":{"start":{"line":1588,"column":4},"end":{"line":1589,"column":null}},"800":{"start":{"line":1589,"column":6},"end":{"line":1589,"column":null}},"801":{"start":{"line":1592,"column":4},"end":{"line":1592,"column":null}},"802":{"start":{"line":1596,"column":4},"end":{"line":1596,"column":null}},"803":{"start":{"line":1596,"column":43},"end":{"line":1596,"column":null}},"804":{"start":{"line":1597,"column":4},"end":{"line":1602,"column":null}},"805":{"start":{"line":1606,"column":20},"end":{"line":1606,"column":49}},"806":{"start":{"line":1608,"column":4},"end":{"line":1617,"column":null}},"807":{"start":{"line":1609,"column":26},"end":{"line":1609,"column":46}},"808":{"start":{"line":1610,"column":28},"end":{"line":1610,"column":50}},"809":{"start":{"line":1611,"column":17},"end":{"line":1611,"column":69}},"810":{"start":{"line":1612,"column":21},"end":{"line":1612,"column":41}},"811":{"start":{"line":1613,"column":6},"end":{"line":1615,"column":null}},"812":{"start":{"line":1617,"column":6},"end":{"line":1617,"column":null}},"813":{"start":{"line":1622,"column":15},"end":{"line":1622,"column":null}},"814":{"start":{"line":1624,"column":4},"end":{"line":1629,"column":null}},"815":{"start":{"line":1625,"column":23},"end":{"line":1625,"column":46}},"816":{"start":{"line":1626,"column":6},"end":{"line":1629,"column":null}},"817":{"start":{"line":1632,"column":4},"end":{"line":1637,"column":null}},"818":{"start":{"line":1633,"column":20},"end":{"line":1633,"column":58}},"819":{"start":{"line":1634,"column":6},"end":{"line":1637,"column":null}},"820":{"start":{"line":1640,"column":4},"end":{"line":1640,"column":null}},"821":{"start":{"line":1642,"column":4},"end":{"line":1642,"column":null}},"822":{"start":{"line":1646,"column":4},"end":{"line":1647,"column":null}},"823":{"start":{"line":1647,"column":6},"end":{"line":1647,"column":null}},"824":{"start":{"line":1650,"column":4},"end":{"line":1678,"column":null}},"825":{"start":{"line":1654,"column":8},"end":{"line":1654,"column":null}},"826":{"start":{"line":1657,"column":8},"end":{"line":1658,"column":null}},"827":{"start":{"line":1658,"column":10},"end":{"line":1658,"column":null}},"828":{"start":{"line":1660,"column":8},"end":{"line":1661,"column":null}},"829":{"start":{"line":1661,"column":10},"end":{"line":1661,"column":null}},"830":{"start":{"line":1663,"column":8},"end":{"line":1663,"column":null}},"831":{"start":{"line":1666,"column":8},"end":{"line":1667,"column":null}},"832":{"start":{"line":1667,"column":10},"end":{"line":1667,"column":null}},"833":{"start":{"line":1669,"column":8},"end":{"line":1669,"column":null}},"834":{"start":{"line":1672,"column":8},"end":{"line":1672,"column":null}},"835":{"start":{"line":1675,"column":8},"end":{"line":1675,"column":null}},"836":{"start":{"line":1678,"column":8},"end":{"line":1678,"column":null}},"837":{"start":{"line":1683,"column":15},"end":{"line":1683,"column":null}},"838":{"start":{"line":1685,"column":4},"end":{"line":1685,"column":null}},"839":{"start":{"line":1686,"column":4},"end":{"line":1686,"column":null}},"840":{"start":{"line":1687,"column":4},"end":{"line":1687,"column":null}},"841":{"start":{"line":1688,"column":4},"end":{"line":1688,"column":null}},"842":{"start":{"line":1690,"column":4},"end":{"line":1690,"column":null}},"843":{"start":{"line":1691,"column":4},"end":{"line":1691,"column":null}},"844":{"start":{"line":1692,"column":4},"end":{"line":1692,"column":null}},"845":{"start":{"line":1694,"column":4},"end":{"line":1694,"column":null}},"846":{"start":{"line":1695,"column":4},"end":{"line":1695,"column":null}},"847":{"start":{"line":1697,"column":4},"end":{"line":1697,"column":null}},"848":{"start":{"line":1699,"column":4},"end":{"line":1699,"column":null}},"849":{"start":{"line":1701,"column":4},"end":{"line":1701,"column":null}},"850":{"start":{"line":1703,"column":4},"end":{"line":1703,"column":null}},"851":{"start":{"line":1704,"column":4},"end":{"line":1704,"column":null}},"852":{"start":{"line":1706,"column":4},"end":{"line":1706,"column":null}},"853":{"start":{"line":1707,"column":4},"end":{"line":1707,"column":null}},"854":{"start":{"line":1708,"column":4},"end":{"line":1708,"column":null}},"855":{"start":{"line":1709,"column":4},"end":{"line":1709,"column":null}},"856":{"start":{"line":1710,"column":4},"end":{"line":1710,"column":null}},"857":{"start":{"line":1711,"column":4},"end":{"line":1711,"column":null}},"858":{"start":{"line":1712,"column":4},"end":{"line":1712,"column":null}},"859":{"start":{"line":1713,"column":4},"end":{"line":1713,"column":null}},"860":{"start":{"line":1714,"column":4},"end":{"line":1714,"column":null}},"861":{"start":{"line":1715,"column":4},"end":{"line":1715,"column":null}},"862":{"start":{"line":1716,"column":4},"end":{"line":1716,"column":null}},"863":{"start":{"line":1717,"column":4},"end":{"line":1717,"column":null}},"864":{"start":{"line":1719,"column":4},"end":{"line":1719,"column":null}},"865":{"start":{"line":1723,"column":17},"end":{"line":1723,"column":30}},"866":{"start":{"line":1725,"column":25},"end":{"line":1730,"column":17}},"867":{"start":{"line":1727,"column":31},"end":{"line":1727,"column":null}},"868":{"start":{"line":1728,"column":8},"end":{"line":1728,"column":null}},"869":{"start":{"line":1732,"column":24},"end":{"line":1732,"column":null}},"870":{"start":{"line":1734,"column":16},"end":{"line":1734,"column":null}},"871":{"start":{"line":1735,"column":20},"end":{"line":1749,"column":null}},"872":{"start":{"line":1751,"column":19},"end":{"line":1751,"column":null}},"873":{"start":{"line":1752,"column":24},"end":{"line":1752,"column":null}},"874":{"start":{"line":1754,"column":19},"end":{"line":1754,"column":null}},"875":{"start":{"line":1755,"column":24},"end":{"line":1755,"column":null}},"876":{"start":{"line":1757,"column":19},"end":{"line":1757,"column":null}},"877":{"start":{"line":1758,"column":21},"end":{"line":1758,"column":null}},"878":{"start":{"line":1760,"column":23},"end":{"line":1760,"column":null}},"879":{"start":{"line":1761,"column":28},"end":{"line":1853,"column":null}},"880":{"start":{"line":1855,"column":19},"end":{"line":1855,"column":null}},"881":{"start":{"line":1856,"column":22},"end":{"line":1858,"column":null}},"882":{"start":{"line":1860,"column":21},"end":{"line":1860,"column":null}},"883":{"start":{"line":1861,"column":24},"end":{"line":1866,"column":null}},"884":{"start":{"line":1865,"column":29},"end":{"line":1865,"column":112}},"885":{"start":{"line":1868,"column":18},"end":{"line":1868,"column":null}},"886":{"start":{"line":1869,"column":21},"end":{"line":1875,"column":null}},"887":{"start":{"line":1877,"column":17},"end":{"line":1877,"column":null}},"888":{"start":{"line":1878,"column":20},"end":{"line":1880,"column":null}},"889":{"start":{"line":1882,"column":22},"end":{"line":1884,"column":null}},"890":{"start":{"line":1886,"column":4},"end":{"line":1986,"column":null}},"891":{"start":{"line":1993,"column":4},"end":{"line":1993,"column":null}},"892":{"start":{"line":2008,"column":4},"end":{"line":2054,"column":null}},"893":{"start":{"line":2013,"column":6},"end":{"line":2028,"column":null}},"894":{"start":{"line":2015,"column":20},"end":{"line":2015,"column":null}},"895":{"start":{"line":2021,"column":24},"end":{"line":2021,"column":null}},"896":{"start":{"line":2030,"column":6},"end":{"line":2054,"column":null}},"897":{"start":{"line":2033,"column":6},"end":{"line":2052,"column":null}},"898":{"start":{"line":2035,"column":20},"end":{"line":2035,"column":null}},"899":{"start":{"line":2040,"column":24},"end":{"line":2040,"column":null}},"900":{"start":{"line":2054,"column":6},"end":{"line":2054,"column":null}},"901":{"start":{"line":2057,"column":4},"end":{"line":2084,"column":null}},"902":{"start":{"line":2093,"column":4},"end":{"line":2093,"column":null}},"903":{"start":{"line":2097,"column":4},"end":{"line":2097,"column":null}},"904":{"start":{"line":2101,"column":29},"end":{"line":2101,"column":31}},"905":{"start":{"line":2103,"column":4},"end":{"line":2135,"column":null}},"906":{"start":{"line":2104,"column":6},"end":{"line":2135,"column":null}},"907":{"start":{"line":2106,"column":10},"end":{"line":2107,"column":null}},"908":{"start":{"line":2107,"column":12},"end":{"line":2107,"column":null}},"909":{"start":{"line":2109,"column":10},"end":{"line":2112,"column":null}},"910":{"start":{"line":2110,"column":12},"end":{"line":2110,"column":null}},"911":{"start":{"line":2112,"column":12},"end":{"line":2112,"column":null}},"912":{"start":{"line":2114,"column":10},"end":{"line":2114,"column":null}},"913":{"start":{"line":2117,"column":10},"end":{"line":2118,"column":null}},"914":{"start":{"line":2118,"column":12},"end":{"line":2118,"column":null}},"915":{"start":{"line":2120,"column":10},"end":{"line":2126,"column":null}},"916":{"start":{"line":2126,"column":12},"end":{"line":2126,"column":null}},"917":{"start":{"line":2128,"column":10},"end":{"line":2128,"column":null}},"918":{"start":{"line":2132,"column":10},"end":{"line":2133,"column":null}},"919":{"start":{"line":2133,"column":12},"end":{"line":2133,"column":null}},"920":{"start":{"line":2135,"column":10},"end":{"line":2135,"column":null}},"921":{"start":{"line":2139,"column":4},"end":{"line":2139,"column":null}}},"fnMap":{"0":{"name":"(anonymous_0)","decl":{"start":{"line":13,"column":2},"end":{"line":13,"column":null}},"loc":{"start":{"line":17,"column":4},"end":{"line":19,"column":null}},"line":17},"1":{"name":"(anonymous_1)","decl":{"start":{"line":24,"column":2},"end":{"line":24,"column":14}},"loc":{"start":{"line":24,"column":46},"end":{"line":26,"column":null}},"line":24},"2":{"name":"(anonymous_2)","decl":{"start":{"line":31,"column":2},"end":{"line":31,"column":14}},"loc":{"start":{"line":31,"column":31},"end":{"line":33,"column":null}},"line":31},"3":{"name":"(anonymous_3)","decl":{"start":{"line":38,"column":2},"end":{"line":38,"column":14}},"loc":{"start":{"line":38,"column":46},"end":{"line":40,"column":null}},"line":38},"4":{"name":"(anonymous_4)","decl":{"start":{"line":66,"column":2},"end":{"line":66,"column":14}},"loc":{"start":{"line":66,"column":45},"end":{"line":77,"column":null}},"line":66},"5":{"name":"(anonymous_5)","decl":{"start":{"line":82,"column":2},"end":{"line":82,"column":17}},"loc":{"start":{"line":82,"column":60},"end":{"line":95,"column":null}},"line":82},"6":{"name":"(anonymous_6)","decl":{"start":{"line":98,"column":2},"end":{"line":98,"column":46}},"loc":{"start":{"line":98,"column":46},"end":{"line":99,"column":null}},"line":98},"7":{"name":"(anonymous_7)","decl":{"start":{"line":102,"column":2},"end":{"line":102,"column":12}},"loc":{"start":{"line":102,"column":35},"end":{"line":103,"column":null}},"line":102},"8":{"name":"(anonymous_8)","decl":{"start":{"line":103,"column":24},"end":{"line":103,"column":30}},"loc":{"start":{"line":103,"column":36},"end":{"line":103,"column":52}},"line":103},"9":{"name":"(anonymous_9)","decl":{"start":{"line":106,"column":2},"end":{"line":106,"column":8}},"loc":{"start":{"line":106,"column":32},"end":{"line":142,"column":null}},"line":106},"10":{"name":"(anonymous_10)","decl":{"start":{"line":145,"column":2},"end":{"line":145,"column":10}},"loc":{"start":{"line":145,"column":63},"end":{"line":157,"column":null}},"line":145},"11":{"name":"(anonymous_11)","decl":{"start":{"line":160,"column":2},"end":{"line":160,"column":10}},"loc":{"start":{"line":160,"column":38},"end":{"line":176,"column":null}},"line":160},"12":{"name":"(anonymous_12)","decl":{"start":{"line":180,"column":8},"end":{"line":180,"column":33}},"loc":{"start":{"line":180,"column":33},"end":{"line":187,"column":null}},"line":180},"13":{"name":"(anonymous_13)","decl":{"start":{"line":190,"column":16},"end":{"line":190,"column":29}},"loc":{"start":{"line":190,"column":58},"end":{"line":217,"column":null}},"line":190},"14":{"name":"(anonymous_14)","decl":{"start":{"line":207,"column":12},"end":{"line":207,"column":21}},"loc":{"start":{"line":208,"column":10},"end":{"line":208,"column":98}},"line":208},"15":{"name":"(anonymous_15)","decl":{"start":{"line":208,"column":10},"end":{"line":208,"column":27}},"loc":{"start":{"line":208,"column":27},"end":{"line":208,"column":86}},"line":208},"16":{"name":"(anonymous_16)","decl":{"start":{"line":222,"column":2},"end":{"line":222,"column":10}},"loc":{"start":{"line":222,"column":53},"end":{"line":568,"column":null}},"line":222},"17":{"name":"(anonymous_17)","decl":{"start":{"line":244,"column":6},"end":{"line":244,"column":12}},"loc":{"start":{"line":244,"column":32},"end":{"line":244,"column":null}},"line":244},"18":{"name":"(anonymous_18)","decl":{"start":{"line":245,"column":6},"end":{"line":245,"column":12}},"loc":{"start":{"line":245,"column":45},"end":{"line":253,"column":null}},"line":245},"19":{"name":"(anonymous_19)","decl":{"start":{"line":248,"column":21},"end":{"line":248,"column":null}},"loc":{"start":{"line":250,"column":14},"end":{"line":250,"column":null}},"line":250},"20":{"name":"(anonymous_20)","decl":{"start":{"line":253,"column":19},"end":{"line":253,"column":27}},"loc":{"start":{"line":253,"column":48},"end":{"line":253,"column":65}},"line":253},"21":{"name":"(anonymous_21)","decl":{"start":{"line":255,"column":6},"end":{"line":255,"column":12}},"loc":{"start":{"line":255,"column":45},"end":{"line":257,"column":null}},"line":255},"22":{"name":"(anonymous_22)","decl":{"start":{"line":259,"column":6},"end":{"line":259,"column":12}},"loc":{"start":{"line":259,"column":45},"end":{"line":268,"column":null}},"line":259},"23":{"name":"(anonymous_23)","decl":{"start":{"line":263,"column":19},"end":{"line":263,"column":null}},"loc":{"start":{"line":265,"column":16},"end":{"line":265,"column":null}},"line":265},"24":{"name":"(anonymous_24)","decl":{"start":{"line":270,"column":6},"end":{"line":270,"column":12}},"loc":{"start":{"line":270,"column":45},"end":{"line":279,"column":null}},"line":270},"25":{"name":"(anonymous_25)","decl":{"start":{"line":274,"column":19},"end":{"line":274,"column":null}},"loc":{"start":{"line":276,"column":16},"end":{"line":276,"column":null}},"line":276},"26":{"name":"(anonymous_26)","decl":{"start":{"line":281,"column":6},"end":{"line":281,"column":18}},"loc":{"start":{"line":282,"column":8},"end":{"line":282,"column":33}},"line":282},"27":{"name":"(anonymous_27)","decl":{"start":{"line":283,"column":6},"end":{"line":283,"column":18}},"loc":{"start":{"line":284,"column":8},"end":{"line":284,"column":30}},"line":284},"28":{"name":"(anonymous_28)","decl":{"start":{"line":285,"column":6},"end":{"line":285,"column":null}},"loc":{"start":{"line":288,"column":32},"end":{"line":295,"column":null}},"line":288},"29":{"name":"(anonymous_29)","decl":{"start":{"line":290,"column":19},"end":{"line":290,"column":27}},"loc":{"start":{"line":290,"column":44},"end":{"line":295,"column":13}},"line":290},"30":{"name":"(anonymous_30)","decl":{"start":{"line":297,"column":6},"end":{"line":297,"column":16}},"loc":{"start":{"line":297,"column":83},"end":{"line":307,"column":null}},"line":297},"31":{"name":"(anonymous_31)","decl":{"start":{"line":299,"column":32},"end":{"line":299,"column":38}},"loc":{"start":{"line":299,"column":47},"end":{"line":306,"column":null}},"line":299},"32":{"name":"(anonymous_32)","decl":{"start":{"line":309,"column":6},"end":{"line":309,"column":18}},"loc":{"start":{"line":309,"column":50},"end":{"line":318,"column":null}},"line":309},"33":{"name":"(anonymous_33)","decl":{"start":{"line":313,"column":19},"end":{"line":313,"column":27}},"loc":{"start":{"line":313,"column":36},"end":{"line":318,"column":null}},"line":313},"34":{"name":"(anonymous_34)","decl":{"start":{"line":320,"column":6},"end":{"line":320,"column":19}},"loc":{"start":{"line":320,"column":43},"end":{"line":322,"column":null}},"line":320},"35":{"name":"(anonymous_35)","decl":{"start":{"line":324,"column":6},"end":{"line":324,"column":null}},"loc":{"start":{"line":327,"column":23},"end":{"line":332,"column":null}},"line":327},"36":{"name":"(anonymous_36)","decl":{"start":{"line":334,"column":6},"end":{"line":334,"column":null}},"loc":{"start":{"line":337,"column":23},"end":{"line":342,"column":null}},"line":337},"37":{"name":"(anonymous_37)","decl":{"start":{"line":344,"column":6},"end":{"line":344,"column":49}},"loc":{"start":{"line":344,"column":72},"end":{"line":345,"column":null}},"line":344},"38":{"name":"(anonymous_38)","decl":{"start":{"line":347,"column":6},"end":{"line":347,"column":null}},"loc":{"start":{"line":350,"column":14},"end":{"line":354,"column":null}},"line":350},"39":{"name":"(anonymous_39)","decl":{"start":{"line":352,"column":8},"end":{"line":352,"column":17}},"loc":{"start":{"line":352,"column":40},"end":{"line":354,"column":null}},"line":352},"40":{"name":"(anonymous_40)","decl":{"start":{"line":354,"column":20},"end":{"line":354,"column":37}},"loc":{"start":{"line":354,"column":37},"end":{"line":354,"column":48}},"line":354},"41":{"name":"(anonymous_41)","decl":{"start":{"line":357,"column":6},"end":{"line":357,"column":null}},"loc":{"start":{"line":360,"column":14},"end":{"line":366,"column":null}},"line":360},"42":{"name":"(anonymous_42)","decl":{"start":{"line":362,"column":8},"end":{"line":362,"column":17}},"loc":{"start":{"line":362,"column":40},"end":{"line":366,"column":null}},"line":362},"43":{"name":"(anonymous_43)","decl":{"start":{"line":370,"column":6},"end":{"line":370,"column":14}},"loc":{"start":{"line":370,"column":44},"end":{"line":371,"column":null}},"line":370},"44":{"name":"(anonymous_44)","decl":{"start":{"line":371,"column":19},"end":{"line":371,"column":28}},"loc":{"start":{"line":371,"column":40},"end":{"line":371,"column":63}},"line":371},"45":{"name":"(anonymous_45)","decl":{"start":{"line":373,"column":6},"end":{"line":373,"column":17}},"loc":{"start":{"line":373,"column":17},"end":{"line":373,"column":27}},"line":373},"46":{"name":"(anonymous_46)","decl":{"start":{"line":374,"column":6},"end":{"line":374,"column":19}},"loc":{"start":{"line":374,"column":68},"end":{"line":385,"column":null}},"line":374},"47":{"name":"(anonymous_47)","decl":{"start":{"line":387,"column":6},"end":{"line":387,"column":18}},"loc":{"start":{"line":387,"column":40},"end":{"line":388,"column":null}},"line":387},"48":{"name":"(anonymous_48)","decl":{"start":{"line":390,"column":6},"end":{"line":390,"column":21}},"loc":{"start":{"line":390,"column":87},"end":{"line":392,"column":null}},"line":390},"49":{"name":"(anonymous_49)","decl":{"start":{"line":394,"column":6},"end":{"line":394,"column":16}},"loc":{"start":{"line":394,"column":70},"end":{"line":396,"column":null}},"line":394},"50":{"name":"(anonymous_50)","decl":{"start":{"line":398,"column":6},"end":{"line":398,"column":20}},"loc":{"start":{"line":398,"column":50},"end":{"line":400,"column":null}},"line":398},"51":{"name":"(anonymous_51)","decl":{"start":{"line":402,"column":6},"end":{"line":402,"column":19}},"loc":{"start":{"line":402,"column":57},"end":{"line":404,"column":null}},"line":402},"52":{"name":"(anonymous_52)","decl":{"start":{"line":406,"column":6},"end":{"line":406,"column":17}},"loc":{"start":{"line":406,"column":55},"end":{"line":408,"column":null}},"line":406},"53":{"name":"(anonymous_53)","decl":{"start":{"line":410,"column":6},"end":{"line":410,"column":17}},"loc":{"start":{"line":410,"column":54},"end":{"line":412,"column":null}},"line":410},"54":{"name":"(anonymous_54)","decl":{"start":{"line":414,"column":6},"end":{"line":414,"column":19}},"loc":{"start":{"line":414,"column":43},"end":{"line":416,"column":null}},"line":414},"55":{"name":"(anonymous_55)","decl":{"start":{"line":418,"column":6},"end":{"line":418,"column":18}},"loc":{"start":{"line":418,"column":42},"end":{"line":420,"column":null}},"line":418},"56":{"name":"(anonymous_56)","decl":{"start":{"line":420,"column":27},"end":{"line":420,"column":44}},"loc":{"start":{"line":420,"column":53},"end":{"line":420,"column":78}},"line":420},"57":{"name":"(anonymous_57)","decl":{"start":{"line":420,"column":87},"end":{"line":420,"column":98}},"loc":{"start":{"line":420,"column":104},"end":{"line":420,"column":119}},"line":420},"58":{"name":"(anonymous_58)","decl":{"start":{"line":422,"column":6},"end":{"line":422,"column":18}},"loc":{"start":{"line":422,"column":42},"end":{"line":424,"column":null}},"line":422},"59":{"name":"(anonymous_59)","decl":{"start":{"line":424,"column":27},"end":{"line":424,"column":38}},"loc":{"start":{"line":424,"column":44},"end":{"line":424,"column":65}},"line":424},"60":{"name":"(anonymous_60)","decl":{"start":{"line":424,"column":75},"end":{"line":424,"column":86}},"loc":{"start":{"line":424,"column":92},"end":{"line":424,"column":107}},"line":424},"61":{"name":"(anonymous_61)","decl":{"start":{"line":426,"column":6},"end":{"line":426,"column":18}},"loc":{"start":{"line":426,"column":42},"end":{"line":428,"column":null}},"line":426},"62":{"name":"(anonymous_62)","decl":{"start":{"line":428,"column":27},"end":{"line":428,"column":38}},"loc":{"start":{"line":428,"column":44},"end":{"line":428,"column":65}},"line":428},"
[...]
ty":580,"s:1146:6:1146:Infinity":581,"s:1149:20:1149:49":582,"s:1150:44:1150:65":583,"s:1152:50:1191:Infinity":584,"f:1153:6:1153:14":112,"s:1153:37:1153:51":585,"f:1154:6:1154:17":113,"s:1154:32:1154:41":586,"f:1155:6:1155:17":114,"s:1156:18:1156:27":587,"s:1157:8:1157:Infinity":588,"b:1157:26:1157:33:1157:33:1157:Infinity":189,"f:1159:6:1159:13":115,"s:1159:28:1159:Infinity":589,"f:1160:6:1160:14":116,"s:1160:47:1160:63":590,"f:1161:6:1161:15":117,"s:1161:34:1161:42":591,"f:1168:8:1168:22":118,"s:1168:22:1168:35":592,"f:1174:8:1174:14":119,"s:1174:28:1174:Infinity":593,"b:1174:28:1174:41:1174:41:1174:Infinity":190,"f:1175:8:1175:14":120,"s:1175:51:1175:Infinity":594,"b:1175:51:1175:69:1175:73:1175:Infinity":191,"f:1176:8:1176:15":121,"s:1177:22:1177:Infinity":595,"b:1177:22:1177:41:1177:45:1177:Infinity":192,"s:1178:10:1178:Infinity":596,"b:1178:28:1178:59:1178:62:1178:Infinity":193,"f:1180:8:1180:15":122,"s:1180:60:1180:Infinity":597,"b:1180:60:1180:88:1180:92:1180:Infinity":194,"f:1181:8:1181:16":123,"s:1181:30:1181:Infinity":598,"b:1181:30:1181:46:1181:50:1181:Infinity":195,"f:1182:8:1182:16":124,"s:1182:30:1182:Infinity":599,"b:1182:30:1182:46:1182:50:1182:Infinity":196,"f:1185:8:1185:17":125,"s:1185:48:1185:59":600,"f:1186:8:1186:17":126,"s:1187:10:1187:63":601,"b:1187:28:1187:54:1187:54:1187:63":197,"f:1188:8:1188:17":127,"s:1188:49:1188:68":602,"b:1188:58:1188:65:1188:65:1188:68":198,"f:1189:8:1189:15":128,"s:1189:34:1189:Infinity":603,"s:1193:4:1202:Infinity":604,"s:1194:22:1194:Infinity":605,"s:1195:19:1195:69":606,"s:1196:21:1196:75":607,"s:1198:17:1198:63":608,"s:1199:6:1199:Infinity":609,"s:1201:18:1201:60":610,"b:1201:39:1201:51:1201:51:1201:60":199,"s:1202:6:1202:Infinity":611,"b:1205:4:1206:Infinity:undefined:undefined:undefined:undefined":200,"s:1205:4:1206:Infinity":612,"s:1206:6:1206:Infinity":613,"s:1209:4:1209:Infinity":614,"f:1212:2:1212:15":129,"s:1213:17:1213:Infinity":615,"s:1214:16:1214:89":616,"b:1214:16:1214:35:1214:35:1214:89":201,"b:1216:4:1217:Infinity:undefined:undefined:undefined:undefined":202,"s:1216:4:1217:Infinity":617,"s:1217:6:1217:Infinity":618,"s:1220:21:1220:53":619,"b:1221:4:1222:Infinity:undefined:undefined:undefined:undefined":203,"s:1221:4:1222:Infinity":620,"s:1222:6:1222:Infinity":621,"b:1225:4:1226:Infinity:undefined:undefined:undefined:undefined":204,"s:1225:4:1226:Infinity":622,"s:1226:6:1226:Infinity":623,"s:1229:23:1229:57":624,"b:1230:4:1231:Infinity:undefined:undefined:undefined:undefined":205,"s:1230:4:1231:Infinity":625,"s:1231:6:1231:Infinity":626,"s:1234:4:1260:Infinity":627,"s:1235:20:1236:Infinity":628,"b:1236:8:1236:62:1236:66:1236:68":206,"f:1236:35:1236:40":130,"s:1236:46:1236:61":629,"s:1239:22:1239:Infinity":630,"b:1240:6:1241:Infinity:undefined:undefined:undefined:undefined":207,"s:1240:6:1241:Infinity":631,"b:1240:10:1240:27:1240:27:1240:43":208,"s:1241:8:1241:Infinity":632,"s:1244:22:1244:Infinity":633,"b:1244:22:1244:43:1244:43:1244:64:1244:64:1244:85:1244:85:1244:Infinity":209,"s:1246:110:1251:Infinity":634,"b:1247:24:1247:32:1247:32:1247:Infinity":210,"b:1253:6:1254:Infinity:undefined:undefined:undefined:undefined":211,"s:1253:6:1254:Infinity":635,"s:1254:8:1254:Infinity":636,"s:1257:6:1257:Infinity":637,"b:1259:6:1259:Infinity:undefined:undefined:undefined:undefined":212,"s:1259:6:1259:Infinity":638,"s:1259:40:1259:Infinity":639,"s:1260:6:1260:Infinity":640,"b:1260:73:1260:85:1260:85:1260:94":213,"f:1264:2:1264:17":131,"s:1265:17:1265:Infinity":641,"s:1266:20:1266:49":642,"s:1268:4:1309:Infinity":643,"s:1269:26:1269:46":644,"s:1270:28:1270:50":645,"s:1271:19:1271:Infinity":646,"b:1271:19:1271:36:1271:36:1271:Infinity":214,"b:1273:6:1274:Infinity:undefined:undefined:undefined:undefined":215,"s:1273:6:1274:Infinity":647,"s:1274:8:1274:Infinity":648,"s:1277:20:1277:65":649,"f:1277:44:1277:51":132,"s:1277:56:1277:64":650,"b:1278:6:1279:Infinity:undefined:undefined:undefined:undefined":216,"s:1278:6:1279:Infinity":651,"s:1279:8:1279:Infinity":652,"s:1282:23:1282:53":653,"s:1283:24:1283:87":654,"b:1283:24:1283:54:1283:58:1283:87":217,"s:1284:28:1284:54":655,"b:1286:6:1290:Infinity:undefined:undefined:undefined:undefined":218,"s:1286:6:1290:Infinity":656,"b:1286:10:1286:24:1286:24:1286:40":219,"s:1287:8:1290:Infinity":657,"s:1293:17:1293:51":658,"s:1294:21:1294:41":659,"b:1296:6:1297:Infinity:undefined:undefined:undefined:undefined":220,"s:1296:6:1297:Infinity":660,"s:1297:8:1297:Infinity":661,"s:1300:6:1300:Infinity":662,"b:1302:6:1302:Infinity:undefined:undefined:undefined:undefined":221,"s:1302:6:1302:Infinity":663,"s:1302:40:1302:Infinity":664,"b:1303:6:1304:Infinity:undefined:undefined:undefined:undefined":222,"s:1303:6:1304:Infinity":665,"s:1304:8:1304:Infinity":666,"b:1306:6:1307:Infinity:undefined:undefined:undefined:undefined":223,"s:1306:6:1307:Infinity":667,"s:1307:8:1307:Infinity":668,"s:1309:6:1309:Infinity":669,"b:1309:80:1309:92:1309:92:1309:101":224,"f:1313:2:1313:17":133,"s:1314:17:1314:Infinity":670,"s:1315:10:1315:63":671,"b:1315:18:1315:38:1315:38:1315:50":225,"s:1316:17:1316:Infinity":672,"b:1316:17:1316:34:1316:34:1316:Infinity":226,"b:1318:4:1319:Infinity:undefined:undefined:undefined:undefined":227,"s:1318:4:1319:Infinity":673,"s:1319:6:1319:Infinity":674,"s:1322:19:1322:Infinity":675,"b:1323:4:1324:Infinity:undefined:undefined:undefined:undefined":228,"s:1323:4:1324:Infinity":676,"s:1324:6:1324:Infinity":677,"s:1327:4:1327:Infinity":678,"f:1330:2:1330:21":134,"s:1331:17:1331:Infinity":679,"s:1332:10:1332:63":680,"b:1332:18:1332:38:1332:38:1332:50":229,"s:1333:18:1333:Infinity":681,"b:1333:18:1333:39:1333:39:1333:60:1333:64:1333:Infinity":230,"s:1335:23:1335:Infinity":682,"b:1336:4:1337:Infinity:undefined:undefined:undefined:undefined":231,"s:1336:4:1337:Infinity":683,"s:1337:6:1337:Infinity":684,"s:1340:48:1347:Infinity":685,"b:1341:16:1341:25:1341:25:1341:Infinity":232,"b:1342:15:1342:24:1342:24:1342:Infinity":233,"b:1343:13:1343:22:1343:22:1343:Infinity":234,"b:1344:13:1344:22:1344:22:1344:Infinity":235,"b:1345:12:1345:21:1345:21:1345:Infinity":236,"b:1346:13:1346:22:1346:22:1346:Infinity":237,"s:1349:31:1349:Infinity":686,"b:1349:31:1349:52:1349:52:1349:61:1349:61:1349:Infinity":238,"s:1351:19:1351:Infinity":687,"b:1353:4:1354:Infinity:undefined:undefined:undefined:undefined":239,"s:1353:4:1354:Infinity":688,"s:1354:6:1354:Infinity":689,"s:1357:5:1357:Infinity":690,"s:1359:4:1359:Infinity":691,"f:1362:2:1362:16":135,"s:1363:17:1363:Infinity":692,"s:1364:19:1364:78":693,"b:1364:19:1364:38:1364:38:1364:57:1364:57:1364:78":240,"s:1365:10:1365:63":694,"b:1365:20:1365:42:1365:42:1365:50":241,"s:1366:21:1366:Infinity":695,"b:1366:21:1366:56:1366:56:1366:Infinity":242,"s:1367:17:1367:Infinity":696,"b:1367:17:1367:48:1367:48:1367:Infinity":243,"s:1368:19:1368:58":697,"b:1368:30:1368:52:1368:52:1368:58":244,"s:1369:20:1369:Infinity":698,"b:1369:20:1369:43:1369:43:1369:Infinity":245,"b:1371:4:1372:Infinity:undefined:undefined:undefined:undefined":246,"s:1371:4:1372:Infinity":699,"s:1372:6:1372:Infinity":700,"s:1375:25:1375:Infinity":701,"b:1376:4:1377:Infinity:undefined:undefined:undefined:undefined":247,"s:1376:4:1377:Infinity":702,"b:1376:8:1376:29:1376:29:1376:59":248,"s:1377:6:1377:Infinity":703,"s:1380:19:1388:Infinity":704,"b:1390:4:1391:Infinity:undefined:undefined:undefined:undefined":249,"s:1390:4:1391:Infinity":705,"s:1391:6:1391:Infinity":706,"s:1394:5:1394:Infinity":707,"s:1396:4:1396:Infinity":708,"f:1399:2:1399:16":136,"s:1400:17:1400:Infinity":709,"s:1401:19:1401:78":710,"b:1401:19:1401:38:1401:38:1401:57:1401:57:1401:78":250,"s:1402:10:1402:63":711,"b:1402:20:1402:42:1402:42:1402:50":251,"s:1403:21:1403:Infinity":712,"b:1403:21:1403:56:1403:56:1403:Infinity":252,"s:1404:17:1404:Infinity":713,"b:1404:17:1404:48:1404:48:1404:Infinity":253,"s:1405:18:1405:Infinity":714,"b:1405:18:1405:50:1405:50:1405:Infinity":254,"s:1406:21:1406:Infinity":715,"s:1407:19:1407:Infinity":716,"b:1407:19:1407:41:1407:41:1407:Infinity":255,"s:1408:20:1408:Infinity":717,"b:1408:20:1408:43:1408:43:1408:Infinity":256,"b:1410:4:1411:Infinity:undefined:undefined:undefined:undefined":257,"s:1410:4:1411:Infinity":718,"s:1411:6:1411:Infinity":719,"s:1414:25:1414:Infinity":720,"b:1415:4:1416:Infinity:undefined:undefined:undefined:undefined":258,"s:1415:4:1416:Infinity":721,"b:1415:8:1415:29:1415:29:1415:59":259,"s:1416:6:1416:Infinity":722,"s:1419:19:1429:Infinity":723,"b:1431:4:1432:Infinity:undefined:undefined:undefined:undefined":260,"s:1431:4:1432:Infinity":724,"s:1432:6:1432:Infinity":725,"s:1435:5:1435:Infinity":726,"s:1437:4:1437:Infinity":727,"f:1440:2:1440:16":137,"s:1441:17:1441:Infinity":728,"s:1442:19:1442:78":729,"b:1442:19:1442:38:1442:38:1442:57:1442:57:1442:78":261,"s:1443:10:1443:63":730,"b:1443:20:1443:42:1443:42:1443:50":262,"s:1444:18:1444:Infinity":731,"b:1444:38:1444:65:1444:68:1444:Infinity":263,"s:1445:19:1445:Infinity":732,"b:1445:40:1445:68:1445:71:1445:Infinity":264,"s:1446:16:1446:Infinity":733,"b:1446:16:1446:35:1446:35:1446:Infinity":265,"s:1447:17:1447:Infinity":734,"b:1449:4:1450:Infinity:undefined:undefined:undefined:undefined":266,"s:1449:4:1450:Infinity":735,"s:1450:6:1450:Infinity":736,"s:1453:25:1453:Infinity":737,"b:1454:4:1455:Infinity:undefined:undefined:undefined:undefined":267,"s:1454:4:1455:Infinity":738,"b:1454:8:1454:29:1454:29:1454:59":268,"s:1455:6:1455:Infinity":739,"s:1458:19:1466:Infinity":740,"b:1468:4:1469:Infinity:undefined:undefined:undefined:undefined":269,"s:1468:4:1469:Infinity":741,"s:1469:6:1469:Infinity":742,"s:1472:5:1472:Infinity":743,"s:1474:4:1474:Infinity":744,"f:1477:2:1477:20":138,"s:1478:17:1478:Infinity":745,"s:1479:21:1479:61":746,"b:1479:30:1479:54:1479:54:1479:61":270,"s:1480:19:1480:Infinity":747,"b:1480:19:1480:41:1480:41:1480:Infinity":271,"s:1481:18:1481:52":748,"b:1481:27:1481:48:1481:48:1481:52":272,"s:1482:22:1482:Infinity":749,"b:1482:22:1482:47:1482:47:1482:Infinity":273,"s:1483:22:1483:Infinity":750,"b:1483:22:1483:47:1483:47:1483:Infinity":274,"s:1484:21:1484:Infinity":751,"b:1484:21:1484:45:1484:45:1484:Infinity":275,"s:1485:22:1485:Infinity":752,"b:1485:22:1485:43:1485:47:1485:Infinity":276,"s:1487:25:1487:Infinity":753,"b:1488:4:1489:Infinity:undefined:undefined:undefined:undefined":277,"s:1488:4:1489:Infinity":754,"b:1488:8:1488:38:1488:42:1488:76":278,"s:1489:6:1489:Infinity":755,"s:1492:19:1502:Infinity":756,"b:1494:12:1494:20:1494:20:1494:Infinity":279,"b:1504:4:1505:Infinity:undefined:undefined:undefined:undefined":280,"s:1504:4:1505:Infinity":757,"s:1505:6:1505:Infinity":758,"s:1508:5:1508:Infinity":759,"s:1510:4:1510:Infinity":760,"f:1513:2:1513:10":139,"s:1515:29:1515:31":761,"s:1516:17:1522:Infinity":762,"s:1524:4:1582:Infinity":763,"s:1525:20:1525:36":764,"s:1527:6:1554:Infinity":765,"f:1527:12:1527:21":140,"s:1528:24:1528:35":766,"s:1529:24:1529:Infinity":767,"b:1531:8:1532:Infinity:undefined:undefined:undefined:undefined":281,"s:1531:8:1532:Infinity":768,"s:1532:10:1532:Infinity":769,"s:1535:29:1535:70":770,"b:1536:8:1537:Infinity:undefined:undefined:undefined:undefined":282,"s:1536:8:1537:Infinity":771,"s:1537:10:1537:Infinity":772,"s:1540:29:1540:70":773,"b:1541:8:1542:Infinity:undefined:undefined:undefined:undefined":283,"s:1541:8:1542:Infinity":774,"s:1542:10:1542:Infinity":775,"s:1545:31:1545:74":776,"b:1546:8:1547:Infinity:undefined:undefined:undefined:undefined":284,"s:1546:8:1547:Infinity":777,"s:1547:10:1547:Infinity":778,"s:1550:28:1550:90":779,"b:1551:8:1552:Infinity:undefined:undefined:undefined:undefined":285,"s:1551:8:1552:Infinity":780,"b:1551:12:1551:27:1551:27:1551:59":286,"s:1552:10:1552:Infinity":781,"s:1556:27:1556:45":782,"s:1557:28:1557:46":783,"b:1558:6:1559:Infinity:undefined:undefined:undefined:undefined":287,"s:1558:6:1559:Infinity":784,"s:1559:8:1559:Infinity":785,"b:1562:6:1567:Infinity:undefined:undefined:undefined:undefined":288,"s:1562:6:1567:Infinity":786,"s:1563:26:1565:39":787,"b:1563:26:1563:55:1564:10:1564:35:1565:10:1565:39":289,"b:1566:8:1567:Infinity:undefined:undefined:undefined:undefined":290,"s:1566:8:1567:Infinity":788,"s:1567:10:1567:Infinity":789,"b:1571:6:1574:Infinity:undefined:undefined:undefined:undefined":291,"s:1571:6:1574:Infinity":790,"s:1572:26:1572:83":791,"b:1572:26:1572:54:1572:58:1572:83":292,"b:1573:8:1574:Infinity:undefined:undefined:undefined:undefined":293,"s:1573:8:1574:Infinity":792,"s:1574:10:1574:Infinity":793,"b:1578:6:1579:Infinity:undefined:undefined:undefined:undefined":294,"s:1578:6:1579:Infinity":794,"s:1579:8:1579:Infinity":795,"s:1582:6:1582:Infinity":796,"b:1582:55:1582:67:1582:67:1582:76":295,"s:1585:22:1585:Infinity":797,"s:1586:19:1586:Infinity":798,"b:1588:4:1589:Infinity:undefined:undefined:undefined:undefined":296,"s:1588:4:1589:Infinity":799,"s:1589:6:1589:Infinity":800,"s:1592:4:1592:Infinity":801,"f:1595:2:1595:10":141,"b:1596:4:1596:Infinity:undefined:undefined:undefined:undefined":297,"s:1596:4:1596:Infinity":802,"b:1596:8:1596:24:1596:24:1596:43":298,"s:1596:43:1596:Infinity":803,"s:1597:4:1602:Infinity":804,"f:1605:2:1605:10":142,"s:1606:20:1606:49":805,"s:1608:4:1617:Infinity":806,"s:1609:26:1609:46":807,"s:1610:28:1610:50":808,"s:1611:17:1611:69":809,"s:1612:21:1612:41":810,"s:1613:6:1615:Infinity":811,"b:1614:10:1614:Infinity:1615:10:1615:24":299,"b:1613:13:1613:32:1613:32:1613:Infinity":300,"s:1617:6:1617:Infinity":812,"b:1617:45:1617:57:1617:57:1617:66":301,"f:1621:2:1621:19":143,"s:1622:15:1622:Infinity":813,"s:1624:4:1629:Infinity":814,"s:1625:23:1625:46":815,"s:1626:6:1629:Infinity":816,"s:1632:4:1637:Infinity":817,"s:1633:20:1633:58":818,"s:1634:6:1637:Infinity":819,"s:1640:4:1640:Infinity":820,"s:1642:4:1642:Infinity":821,"f:1645:2:1645:10":144,"b:1646:4:1647:Infinity:undefined:undefined:undefined:undefined":302,"s:1646:4:1647:Infinity":822,"s:1647:6:1647:Infinity":823,"b:1651:6:1651:Infinity:1652:6:1652:Infinity:1653:6:1654:Infinity:1656:6:1663:Infinity:1665:6:1669:Infinity:1671:6:1672:Infinity:1674:6:1675:Infinity:1677:6:1678:Infinity":303,"s:1650:4:1678:Infinity":824,"s:1654:8:1654:Infinity":825,"b:1654:115:1654:175:1654:175:1654:192":304,"b:1654:63:1654:79:1654:79:1654:115":305,"b:1654:248:1654:293:1654:293:1654:295":306,"b:1654:196:1654:212:1654:212:1654:248":307,"b:1657:8:1658:Infinity:undefined:undefined:undefined:undefined":308,"s:1657:8:1658:Infinity":826,"s:1658:10:1658:Infinity":827,"b:1660:8:1661:Infinity:undefined:undefined:undefined:undefined":309,"s:1660:8:1661:Infinity":828,"b:1660:12:1660:48:1660:48:1660:81":310,"s:1661:10:1661:Infinity":829,"s:1663:8:1663:Infinity":830,"b:1666:8:1667:Infinity:undefined:undefined:undefined:undefined":311,"s:1666:8:1667:Infinity":831,"s:1667:10:1667:Infinity":832,"b:1667:120:1667:142:1667:142:1667:144":312,"s:1669:8:1669:Infinity":833,"s:1672:8:1672:Infinity":834,"s:1675:8:1675:Infinity":835,"s:1678:8:1678:Infinity":836,"f:1682:2:1682:10":145,"s:1683:15:1683:Infinity":837,"s:1685:4:1685:Infinity":838,"s:1686:4:1686:Infinity":839,"s:1687:4:1687:Infinity":840,"s:1688:4:1688:Infinity":841,"s:1690:4:1690:Infinity":842,"s:1691:4:1691:Infinity":843,"s:1692:4:1692:Infinity":844,"s:1694:4:1694:Infinity":845,"s:1695:4:1695:Infinity":846,"s:1697:4:1697:Infinity":847,"s:1699:4:1699:Infinity":848,"s:1701:4:1701:Infinity":849,"s:1703:4:1703:Infinity":850,"s:1704:4:1704:Infinity":851,"s:1706:4:1706:Infinity":852,"s:1707:4:1707:Infinity":853,"s:1708:4:1708:Infinity":854,"s:1709:4:1709:Infinity":855,"s:1710:4:1710:Infinity":856,"s:1711:4:1711:Infinity":857,"s:1712:4:1712:Infinity":858,"s:1713:4:1713:Infinity":859,"s:1714:4:1714:Infinity":860,"s:1715:4:1715:Infinity":861,"s:1716:4:1716:Infinity":862,"s:1717:4:1717:Infinity":863,"s:1719:4:1719:Infinity":864,"f:1722:2:1722:9":146,"b:1722:34:1722:36":313,"s:1723:17:1723:30":865,"s:1725:25:1730:17":866,"f:1726:7:1726:12":147,"s:1727:31:1727:Infinity":867,"s:1728:8:1728:Infinity":868,"s:1732:24:1732:Infinity":869,"b:1732:51:1732:71:1732:74:1732:Infinity":314,"s:1734:16:1734:Infinity":870,"s:1735:20:1749:Infinity":871,"b:1735:25:1749:Infinity:1749:9:1749:Infinity":315,"s:1751:19:1751:Infinity":872,"s:1752:24:1752:Infinity":873,"b:1752:32:1752:206:1752:206:1752:Infinity":316,"b:1752:97:1752:110:1752:110:1752:113":317,"b:1752:129:1752:138:1752:138:1752:141":318,"s:1754:19:1754:Infinity":874,"s:1755:24:1755:Infinity":875,"b:1755:32:1755:297:1755:297:1755:Infinity":319,"b:1755:97:1755:110:1755:110:1755:113":320,"b:1755:129:1755:138:1755:138:1755:141":321,"b:1755:158:1755:168:1755:168:1755:171":322,"b:1755:191:1755:204:1755:204:1755:207":323,"b:1755:225:1755:254:1755:254:1755:257":324,"s:1757:19:1757:Infinity":876,"s:1758:21:1758:Infinity":877,"b:1758:29:1758:233:1758:233:1758:Infinity":325,"b:1758:89:1758:116:1758:116:1758:119":326,"b:1758:137:1758:166:1758:166:1758:169":327,"b:1758:204:1758:225:1758:225:1758:228":328,"s:1760:23:1760:Infinity":878,"s:1761:28:1853:Infinity":879,"b:1761:40:1853:Infinity:1853:4:1853:Infinity":329,"b:1767:25:1767:47:1767:47:1767:52":330,"b:1767:57:1767:77:1767:77:1767:84":331,"b:1767:87:1767:106:1767:106:1767:108":332,"b:1767:113:1767:136:1767:136:1767:138":333,"b:1767:141:1767:164:1767:164:1767:173":334,"b:1767:176:1767:198:1767:198:1767:209":335,"s:1855:19:1855:Infinity":880,"s:1856:22:1858:Infinity":881,"b:1856:30:1858:Infinity:1858:12:1858:Infinity":336,"b:1857:55:1857:61:1857:61:1857:65":337,"s:1860:21:1860:Infinity":882,"s:1861:24:1866:Infinity":883,"b:1861:34:1866:Infinity:1866:12:1866:Infinity":338,"f:1865:20:1865:24":148,"s:1865:29:1865:112":884,"b:1865:82:1865:89:1865:89:1865:94":339,"s:1868:18:1868:Infinity":885,"s:1869:21:1875:Infinity":886,"b:1869:28:1875:Infinity:1875:12:1875:Infinity":340,"b:1872:24:1872:50:1872:50:1872:Infinity":341,"b:1874:36:1874:49:1874:49:1874:62":342,"s:1877:17:1877:Infinity":887,"s:1878:20:1880:Infinity":888,"b:1878:26:1880:Infinity:1880:12:1880:Infinity":343,"s:1882:22:1884:Infinity":889,"b:1883:8:1883:Infinity:1884:8:1884:Infinity":344,"s:1886:4:1986:Infinity":890,"b:1976:7:1976:38:1976:38:1976:43":345,"b:1976:55:1976:66:1976:66:1976:Infinity":346,"f:1992:2:1992:10":149,"s:1993:4:1993:Infinity":891,"f:2005:2:2005:10":150,"b:2008:4:2054:Infinity:2030:6:2054:Infinity":347,"s:2008:4:2054:Infinity":892,"b:2009:6:2009:Infinity:2010:6:2010:Infinity:2011:6:2011:32":348,"s:2013:6:2028:Infinity":893,"f:2014:59:2014:Infinity":151,"s:2015:20:2015:Infinity":894,"f:2020:61:2020:Infinity":152,"s:2021:24:2021:Infinity":895,"b:2030:6:2054:Infinity:2053:11:2054:Infinity":349,"s:2030:6:2054:Infinity":896,"b:2030:6:2030:32:2031:7:2031:Infinity":350,"s:2033:6:2052:Infinity":897,"f:2034:59:2034:Infinity":153,"s:2035:20:2035:Infinity":898,"f:2039:61:2039:Infinity":154,"s:2040:24:2040:Infinity":899,"s:2054:6:2054:Infinity":900,"s:2057:4:2084:Infinity":901,"b:2070:23:2070:39:2070:39:2070:42":351,"b:2073:25:2073:50:2073:50:2073:77":352,"b:2078:16:2084:Infinity:2084:16:2084:Infinity":353,"b:2077:12:2077:37:2077:37:2077:Infinity":354,"f:2092:2:2092:23":155,"s:2093:4:2093:Infinity":902,"f:2096:2:2096:45":156,"s:2097:4:2097:Infinity":903,"f:2100:2:2100:51":157,"s:2101:29:2101:31":904,"s:2103:4:2135:Infinity":905,"b:2105:8:2114:Infinity:2116:8:2128:Infinity:2130:8:2130:Infinity:2131:8:2135:Infinity":355,"s:2104:6:2135:Infinity":906,"b:2106:10:2107:Infinity:undefined:undefined:undefined:undefined":356,"s:2106:10:2107:Infinity":907,"s:2107:12:2107:Infinity":908,"s:2109:10:2112:Infinity":909,"s:2110:12:2110:Infinity":910,"s:2112:12:2112:Infinity":911,"s:2114:10:2114:Infinity":912,"b:2117:10:2118:Infinity:undefined:undefined:undefined:undefined":357,"s:2117:10:2118:Infinity":913,"b:2117:14:2117:35:2117:35:2117:56":358,"s:2118:12:2118:Infinity":914,"b:2120:10:2126:Infinity:undefined:undefined:undefined:undefined":359,"s:2120:10:2126:Infinity":915,"b:2121:12:2121:Infinity:2122:12:2123:Infinity":360,"s:2126:12:2126:Infinity":916,"s:2128:10:2128:Infinity":917,"b:2132:10:2133:Infinity:undefined:undefined:undefined:undefined":361,"s:2132:10:2133:Infinity":918,"s:2133:12:2133:Infinity":919,"s:2135:10:2135:Infinity":920,"s:2139:4:2139:Infinity":921}}}
}
